{
  "stats": {
    "suites": 1,
    "tests": 31,
    "passes": 31,
    "pending": 0,
    "failures": 0,
    "testsRegistered": 31,
    "passPercent": 100,
    "pendingPercent": 0,
    "other": 0,
    "hasOther": false,
    "skipped": 0,
    "hasSkipped": false,
    "start": "2026-05-23T07:01:45.908Z",
    "end": "2026-05-23T07:03:43.177Z",
    "duration": 117269
  },
  "results": [
    {
      "uuid": "d9c89c29-e2d8-4849-a9bb-dc550de73f51",
      "title": "",
      "fullFile": "cypress/e2e/01-mfi-admin/01-mis/39-savings-product/savings-product.cy.js",
      "file": "cypress/e2e/01-mfi-admin/01-mis/39-savings-product/savings-product.cy.js",
      "beforeHooks": [],
      "afterHooks": [],
      "tests": [],
      "suites": [
        {
          "uuid": "18997b2a-5d63-4a9b-a4d2-4001c975f925",
          "title": "39. Savings Product Module Test Cases",
          "fullFile": "cypress/e2e/01-mfi-admin/01-mis/39-savings-product/savings-product.cy.js",
          "file": "cypress/e2e/01-mfi-admin/01-mis/39-savings-product/savings-product.cy.js",
          "beforeHooks": [],
          "afterHooks": [],
          "tests": [
            {
              "title": "39.01. Verify the savings product list page loads without errors.",
              "fullTitle": "39. Savings Product Module Test Cases 39.01. Verify the savings product list page loads without errors.",
              "timedOut": null,
              "duration": 3915,
              "state": "passed",
              "speed": "fast",
              "pass": true,
              "fail": false,
              "pending": false,
              "context": null,
              "code": "_savingsProduct.create_savings_product.gridSavingsProductListPage();",
              "err": {},
              "uuid": "ccb225bd-d0ff-4dca-928d-2c81ec5b3efd",
              "parentUUID": "18997b2a-5d63-4a9b-a4d2-4001c975f925",
              "isHook": false,
              "skipped": false
            },
            {
              "title": "39.02. Verify a new savings product is created successfully when all required fields are filled with valid data.",
              "fullTitle": "39. Savings Product Module Test Cases 39.02. Verify a new savings product is created successfully when all required fields are filled with valid data.",
              "timedOut": null,
              "duration": 9516,
              "state": "passed",
              "speed": "medium",
              "pass": true,
              "fail": false,
              "pending": false,
              "context": null,
              "code": "_savingsProduct.create_savings_product.createSavingsProduct();",
              "err": {},
              "uuid": "594267b2-55ce-422b-bee7-2028e32121a2",
              "parentUUID": "18997b2a-5d63-4a9b-a4d2-4001c975f925",
              "isHook": false,
              "skipped": false
            },
            {
              "title": "39.03. Verify that a savings product cannot be created without a Office, even if all other fields are valid.",
              "fullTitle": "39. Savings Product Module Test Cases 39.03. Verify that a savings product cannot be created without a Office, even if all other fields are valid.",
              "timedOut": null,
              "duration": 7821,
              "state": "passed",
              "speed": "medium",
              "pass": true,
              "fail": false,
              "pending": false,
              "context": null,
              "code": "_savingsProduct.create_savings_product.createWithoutOffice();",
              "err": {},
              "uuid": "eccbcb97-4d2d-495b-8f6f-365329e2aa70",
              "parentUUID": "18997b2a-5d63-4a9b-a4d2-4001c975f925",
              "isHook": false,
              "skipped": false
            },
            {
              "title": "39.04. Verify that a savings product cannot be created without a Savings Type, even if all other fields are valid.",
              "fullTitle": "39. Savings Product Module Test Cases 39.04. Verify that a savings product cannot be created without a Savings Type, even if all other fields are valid.",
              "timedOut": null,
              "duration": 8123,
              "state": "passed",
              "speed": "medium",
              "pass": true,
              "fail": false,
              "pending": false,
              "context": null,
              "code": "_savingsProduct.create_savings_product.createWithoutSavingsType();",
              "err": {},
              "uuid": "8e06e9ec-ca25-4f97-8bd1-f305186ce34c",
              "parentUUID": "18997b2a-5d63-4a9b-a4d2-4001c975f925",
              "isHook": false,
              "skipped": false
            },
            {
              "title": "39.05. Verify that a savings product cannot be created without a Deposit Account ID Prefix, even if all other fields are valid.",
              "fullTitle": "39. Savings Product Module Test Cases 39.05. Verify that a savings product cannot be created without a Deposit Account ID Prefix, even if all other fields are valid.",
              "timedOut": null,
              "duration": 7989,
              "state": "passed",
              "speed": "medium",
              "pass": true,
              "fail": false,
              "pending": false,
              "context": null,
              "code": "_savingsProduct.create_savings_product.createWithoutDepositAccountIdPrefix();",
              "err": {},
              "uuid": "4f61722c-6b92-4e46-8b25-e08634ac15f3",
              "parentUUID": "18997b2a-5d63-4a9b-a4d2-4001c975f925",
              "isHook": false,
              "skipped": false
            },
            {
              "title": "39.06. Verify that a savings product cannot be created without a Savings Product Name, even if all other fields are valid.",
              "fullTitle": "39. Savings Product Module Test Cases 39.06. Verify that a savings product cannot be created without a Savings Product Name, even if all other fields are valid.",
              "timedOut": null,
              "duration": 7972,
              "state": "passed",
              "speed": "medium",
              "pass": true,
              "fail": false,
              "pending": false,
              "context": null,
              "code": "_savingsProduct.create_savings_product.createWithoutSavingsProductNameEn();",
              "err": {},
              "uuid": "7edb1696-905e-4822-8a74-8abc046a4dc8",
              "parentUUID": "18997b2a-5d63-4a9b-a4d2-4001c975f925",
              "isHook": false,
              "skipped": false
            },
            {
              "title": "39.07. Verify that a savings product cannot be created without a Savings Product Name (Bangla), even if all other fields are valid.",
              "fullTitle": "39. Savings Product Module Test Cases 39.07. Verify that a savings product cannot be created without a Savings Product Name (Bangla), even if all other fields are valid.",
              "timedOut": null,
              "duration": 7988,
              "state": "passed",
              "speed": "medium",
              "pass": true,
              "fail": false,
              "pending": false,
              "context": null,
              "code": "_savingsProduct.create_savings_product.createWithoutSavingsProductNameBn();",
              "err": {},
              "uuid": "4bb6b9b2-b409-4518-9f4c-582976ceae93",
              "parentUUID": "18997b2a-5d63-4a9b-a4d2-4001c975f925",
              "isHook": false,
              "skipped": false
            },
            {
              "title": "39.08. Verify that a savings product cannot be created without a Display Name, even if all other fields are valid.",
              "fullTitle": "39. Savings Product Module Test Cases 39.08. Verify that a savings product cannot be created without a Display Name, even if all other fields are valid.",
              "timedOut": null,
              "duration": 7955,
              "state": "passed",
              "speed": "medium",
              "pass": true,
              "fail": false,
              "pending": false,
              "context": null,
              "code": "_savingsProduct.create_savings_product.createWithoutDisplayName();",
              "err": {},
              "uuid": "913f55ed-a3c4-46b2-a1ac-35e7b77e4da9",
              "parentUUID": "18997b2a-5d63-4a9b-a4d2-4001c975f925",
              "isHook": false,
              "skipped": false
            },
            {
              "title": "39.09. Verify that a savings product cannot be created without a Status, even if all other fields are valid.",
              "fullTitle": "39. Savings Product Module Test Cases 39.09. Verify that a savings product cannot be created without a Status, even if all other fields are valid.",
              "timedOut": null,
              "duration": 8985,
              "state": "passed",
              "speed": "medium",
              "pass": true,
              "fail": false,
              "pending": false,
              "context": null,
              "code": "_savingsProduct.create_savings_product.createWithoutStatus();",
              "err": {},
              "uuid": "0f947e69-a777-4805-9a25-8670579987bf",
              "parentUUID": "18997b2a-5d63-4a9b-a4d2-4001c975f925",
              "isHook": false,
              "skipped": false
            },
            {
              "title": "39.10. Verify that a savings product cannot be created without a Interest Rate Terms, even if all other fields are valid.",
              "fullTitle": "39. Savings Product Module Test Cases 39.10. Verify that a savings product cannot be created without a Interest Rate Terms, even if all other fields are valid.",
              "timedOut": null,
              "duration": 4198,
              "state": "passed",
              "speed": "fast",
              "pass": true,
              "fail": false,
              "pending": false,
              "context": null,
              "code": "_savingsProduct.create_savings_product.createWithoutInterestRateTerms();",
              "err": {},
              "uuid": "50f63568-43f9-4102-a847-529b65dce424",
              "parentUUID": "18997b2a-5d63-4a9b-a4d2-4001c975f925",
              "isHook": false,
              "skipped": false
            },
            {
              "title": "39.11. Verify that a savings product cannot be created without a Interest Rate Frequency, even if all other fields are valid.",
              "fullTitle": "39. Savings Product Module Test Cases 39.11. Verify that a savings product cannot be created without a Interest Rate Frequency, even if all other fields are valid.",
              "timedOut": null,
              "duration": 7754,
              "state": "passed",
              "speed": "medium",
              "pass": true,
              "fail": false,
              "pending": false,
              "context": null,
              "code": "_savingsProduct.create_savings_product.createWithoutInterestRateFrequency();",
              "err": {},
              "uuid": "9accfb64-58e8-4cb9-a21a-d5027f1b7d19",
              "parentUUID": "18997b2a-5d63-4a9b-a4d2-4001c975f925",
              "isHook": false,
              "skipped": false
            },
            {
              "title": "39.12. Verify that a savings product cannot be created without a Interest Calculated Using, even if all other fields are valid.",
              "fullTitle": "39. Savings Product Module Test Cases 39.12. Verify that a savings product cannot be created without a Interest Calculated Using, even if all other fields are valid.",
              "timedOut": null,
              "duration": 7958,
              "state": "passed",
              "speed": "medium",
              "pass": true,
              "fail": false,
              "pending": false,
              "context": null,
              "code": "_savingsProduct.create_savings_product.createWithoutCalculatedUsing();",
              "err": {},
              "uuid": "7987b2f5-4598-4eb0-8850-1ea75e904703",
              "parentUUID": "18997b2a-5d63-4a9b-a4d2-4001c975f925",
              "isHook": false,
              "skipped": false
            },
            {
              "title": "39.13. Verify that a savings product cannot be created without a Interest Posting Period, even if all other fields are valid.",
              "fullTitle": "39. Savings Product Module Test Cases 39.13. Verify that a savings product cannot be created without a Interest Posting Period, even if all other fields are valid.",
              "timedOut": null,
              "duration": 7983,
              "state": "passed",
              "speed": "medium",
              "pass": true,
              "fail": false,
              "pending": false,
              "context": null,
              "code": "_savingsProduct.create_savings_product.createWithoutInterestPostingPeriod();",
              "err": {},
              "uuid": "bb33b9d8-e1bc-4fdf-ba81-a81f539ddb30",
              "parentUUID": "18997b2a-5d63-4a9b-a4d2-4001c975f925",
              "isHook": false,
              "skipped": false
            },
            {
              "title": "39.14. Verify that a savings product cannot be created without a Start Date, even if all other fields are valid.",
              "fullTitle": "39. Savings Product Module Test Cases 39.14. Verify that a savings product cannot be created without a Start Date, even if all other fields are valid.",
              "timedOut": null,
              "duration": 8011,
              "state": "passed",
              "speed": "medium",
              "pass": true,
              "fail": false,
              "pending": false,
              "context": null,
              "code": "_savingsProduct.create_savings_product.createWithoutStartDate();",
              "err": {},
              "uuid": "d37af41b-e954-4011-91c3-8b933b40e0da",
              "parentUUID": "18997b2a-5d63-4a9b-a4d2-4001c975f925",
              "isHook": false,
              "skipped": false
            },
            {
              "title": "39.15. Verify successfully performs the action when the action button is clicked.",
              "fullTitle": "39. Savings Product Module Test Cases 39.15. Verify successfully performs the action when the action button is clicked.",
              "timedOut": null,
              "duration": 566,
              "state": "passed",
              "speed": "fast",
              "pass": true,
              "fail": false,
              "pending": false,
              "context": null,
              "code": "_savingsProduct.create_savings_product.actionButtonCheck();",
              "err": {},
              "uuid": "0cd64d4e-8b5d-482f-9c70-5b4ceccf5e36",
              "parentUUID": "18997b2a-5d63-4a9b-a4d2-4001c975f925",
              "isHook": false,
              "skipped": false
            },
            {
              "title": "39.16. Verify the user can view all relevant details of a savings product, including its associated fields.",
              "fullTitle": "39. Savings Product Module Test Cases 39.16. Verify the user can view all relevant details of a savings product, including its associated fields.",
              "timedOut": null,
              "duration": 405,
              "state": "passed",
              "speed": "fast",
              "pass": true,
              "fail": false,
              "pending": false,
              "context": null,
              "code": "_savingsProduct.create_savings_product.viewSavingsProduct();",
              "err": {},
              "uuid": "9febfa93-f025-4773-beaf-4380ff7a3e6a",
              "parentUUID": "18997b2a-5d63-4a9b-a4d2-4001c975f925",
              "isHook": false,
              "skipped": false
            },
            {
              "title": "39.17. Verify that clicking the go back button on the savings product view page redirects the user to the savings product list page.",
              "fullTitle": "39. Savings Product Module Test Cases 39.17. Verify that clicking the go back button on the savings product view page redirects the user to the savings product list page.",
              "timedOut": null,
              "duration": 390,
              "state": "passed",
              "speed": "fast",
              "pass": true,
              "fail": false,
              "pending": false,
              "context": null,
              "code": "_savingsProduct.create_savings_product.viewGoBackButton();",
              "err": {},
              "uuid": "0c520941-4475-42ca-b246-67db38bdfae2",
              "parentUUID": "18997b2a-5d63-4a9b-a4d2-4001c975f925",
              "isHook": false,
              "skipped": false
            },
            {
              "title": "39.18. Verify that the savings product forms edit mode can be toggled on and off all fields should be disabled or return to view-only mode.",
              "fullTitle": "39. Savings Product Module Test Cases 39.18. Verify that the savings product forms edit mode can be toggled on and off all fields should be disabled or return to view-only mode.",
              "timedOut": null,
              "duration": 1682,
              "state": "passed",
              "speed": "fast",
              "pass": true,
              "fail": false,
              "pending": false,
              "context": null,
              "code": "_savingsProduct.create_savings_product.turnOffEditMode();",
              "err": {},
              "uuid": "33043305-c0b3-409d-bd31-b1c93a8ab9db",
              "parentUUID": "18997b2a-5d63-4a9b-a4d2-4001c975f925",
              "isHook": false,
              "skipped": false
            },
            {
              "title": "39.19. Verify the savings product  edit reset button functions correctly.",
              "fullTitle": "39. Savings Product Module Test Cases 39.19. Verify the savings product  edit reset button functions correctly.",
              "timedOut": null,
              "duration": 1078,
              "state": "passed",
              "speed": "fast",
              "pass": true,
              "fail": false,
              "pending": false,
              "context": null,
              "code": "_savingsProduct.create_savings_product.editResetButton();",
              "err": {},
              "uuid": "56126300-11db-4e7b-b692-8fd7b75b6781",
              "parentUUID": "18997b2a-5d63-4a9b-a4d2-4001c975f925",
              "isHook": false,
              "skipped": false
            },
            {
              "title": "39.20. Verify the savings product  edit submit button functions correctly.",
              "fullTitle": "39. Savings Product Module Test Cases 39.20. Verify the savings product  edit submit button functions correctly.",
              "timedOut": null,
              "duration": 335,
              "state": "passed",
              "speed": "fast",
              "pass": true,
              "fail": false,
              "pending": false,
              "context": null,
              "code": "_savingsProduct.create_savings_product.editSubmitButton();",
              "err": {},
              "uuid": "9508e949-23d5-4878-aa2d-92b5f0ab4fb0",
              "parentUUID": "18997b2a-5d63-4a9b-a4d2-4001c975f925",
              "isHook": false,
              "skipped": false
            },
            {
              "title": "39.21. Verify that clicking the go back button on the savings product  edit page redirects the user to the savings product  list page.",
              "fullTitle": "39. Savings Product Module Test Cases 39.21. Verify that clicking the go back button on the savings product  edit page redirects the user to the savings product  list page.",
              "timedOut": null,
              "duration": 226,
              "state": "passed",
              "speed": "fast",
              "pass": true,
              "fail": false,
              "pending": false,
              "context": null,
              "code": "_savingsProduct.create_savings_product.editGoBackButton();",
              "err": {},
              "uuid": "6a60b2ad-c2ad-4912-9c45-601c36f88782",
              "parentUUID": "18997b2a-5d63-4a9b-a4d2-4001c975f925",
              "isHook": false,
              "skipped": false
            },
            {
              "title": "39.23. Verify the user can filter inactive savings products using the status dropdown on the savings product list page.",
              "fullTitle": "39. Savings Product Module Test Cases 39.23. Verify the user can filter inactive savings products using the status dropdown on the savings product list page.",
              "timedOut": null,
              "duration": 885,
              "state": "passed",
              "speed": "fast",
              "pass": true,
              "fail": false,
              "pending": false,
              "context": null,
              "code": "_savingsProduct.create_savings_product.statusInactiveDropdownCheck();",
              "err": {},
              "uuid": "89348a2d-0183-476a-a055-fffd6e68c05a",
              "parentUUID": "18997b2a-5d63-4a9b-a4d2-4001c975f925",
              "isHook": false,
              "skipped": false
            },
            {
              "title": "39.24. Verify the active result is filtered correctly by the status dropdown.",
              "fullTitle": "39. Savings Product Module Test Cases 39.24. Verify the active result is filtered correctly by the status dropdown.",
              "timedOut": null,
              "duration": 332,
              "state": "passed",
              "speed": "fast",
              "pass": true,
              "fail": false,
              "pending": false,
              "context": null,
              "code": "_savingsProduct.create_savings_product.statusActiveDropdownCheck();",
              "err": {},
              "uuid": "ddc2ac6b-a867-4a9c-8a04-26c5a9c3c84e",
              "parentUUID": "18997b2a-5d63-4a9b-a4d2-4001c975f925",
              "isHook": false,
              "skipped": false
            },
            {
              "title": "39.25. Verify the search returns correct results when searching by savings product name.",
              "fullTitle": "39. Savings Product Module Test Cases 39.25. Verify the search returns correct results when searching by savings product name.",
              "timedOut": null,
              "duration": 217,
              "state": "passed",
              "speed": "fast",
              "pass": true,
              "fail": false,
              "pending": false,
              "context": null,
              "code": "_savingsProduct.create_savings_product.searchInSavingsProductName();",
              "err": {},
              "uuid": "a12d122c-9480-4b45-a467-53eb20f5a8a4",
              "parentUUID": "18997b2a-5d63-4a9b-a4d2-4001c975f925",
              "isHook": false,
              "skipped": false
            },
            {
              "title": "39.26. Verify the grid list resets successfully when the reset button is clicked on the savings product page.",
              "fullTitle": "39. Savings Product Module Test Cases 39.26. Verify the grid list resets successfully when the reset button is clicked on the savings product page.",
              "timedOut": null,
              "duration": 128,
              "state": "passed",
              "speed": "fast",
              "pass": true,
              "fail": false,
              "pending": false,
              "context": null,
              "code": "_savingsProduct.create_savings_product.gridResetButtonCheck();",
              "err": {},
              "uuid": "37685a32-63a9-4089-b5be-dda2cac1d3d0",
              "parentUUID": "18997b2a-5d63-4a9b-a4d2-4001c975f925",
              "isHook": false,
              "skipped": false
            },
            {
              "title": "39.27. Verify that the grid list is refreshed successfully when the refresh button is clicked on the savings product page.",
              "fullTitle": "39. Savings Product Module Test Cases 39.27. Verify that the grid list is refreshed successfully when the refresh button is clicked on the savings product page.",
              "timedOut": null,
              "duration": 94,
              "state": "passed",
              "speed": "fast",
              "pass": true,
              "fail": false,
              "pending": false,
              "context": null,
              "code": "_savingsProduct.create_savings_product.gridRefreshButtonCheck();",
              "err": {},
              "uuid": "fc068037-d4ef-4e23-8351-3e50df336c5f",
              "parentUUID": "18997b2a-5d63-4a9b-a4d2-4001c975f925",
              "isHook": false,
              "skipped": false
            },
            {
              "title": "39.28. Verify the savings product creation reset button clears all entered input values.",
              "fullTitle": "39. Savings Product Module Test Cases 39.28. Verify the savings product creation reset button clears all entered input values.",
              "timedOut": null,
              "duration": 904,
              "state": "passed",
              "speed": "fast",
              "pass": true,
              "fail": false,
              "pending": false,
              "context": null,
              "code": "_savingsProduct.create_savings_product.createResetButtonCheck();",
              "err": {},
              "uuid": "086efbb8-8083-4064-80b3-a42fd64c3cee",
              "parentUUID": "18997b2a-5d63-4a9b-a4d2-4001c975f925",
              "isHook": false,
              "skipped": false
            },
            {
              "title": "39.29. Verify validation messages appear for required fields when the submit button is clicked with empty inputs.",
              "fullTitle": "39. Savings Product Module Test Cases 39.29. Verify validation messages appear for required fields when the submit button is clicked with empty inputs.",
              "timedOut": null,
              "duration": 1117,
              "state": "passed",
              "speed": "fast",
              "pass": true,
              "fail": false,
              "pending": false,
              "context": null,
              "code": "_savingsProduct.create_savings_product.createValidationMessageCheck();",
              "err": {},
              "uuid": "a9d70712-d5a1-4329-a520-f41db95d3b2b",
              "parentUUID": "18997b2a-5d63-4a9b-a4d2-4001c975f925",
              "isHook": false,
              "skipped": false
            },
            {
              "title": "39.30. Verify that clicking the go back button on the savings product create page redirects the user to the savings product list page.",
              "fullTitle": "39. Savings Product Module Test Cases 39.30. Verify that clicking the go back button on the savings product create page redirects the user to the savings product list page.",
              "timedOut": null,
              "duration": 611,
              "state": "passed",
              "speed": "fast",
              "pass": true,
              "fail": false,
              "pending": false,
              "context": null,
              "code": "_savingsProduct.create_savings_product.createGoBackButtonCheck();",
              "err": {},
              "uuid": "54850ab2-0b7a-4255-a593-d7d2608982d5",
              "parentUUID": "18997b2a-5d63-4a9b-a4d2-4001c975f925",
              "isHook": false,
              "skipped": false
            },
            {
              "title": "39.31. Verify that when the user clicks the Search button on the savings product grid page, the system redirects to the savings product List page..",
              "fullTitle": "39. Savings Product Module Test Cases 39.31. Verify that when the user clicks the Search button on the savings product grid page, the system redirects to the savings product List page..",
              "timedOut": null,
              "duration": 959,
              "state": "passed",
              "speed": "fast",
              "pass": true,
              "fail": false,
              "pending": false,
              "context": null,
              "code": "_savingsProduct.create_savings_product.gridSearchButtonCheck();",
              "err": {},
              "uuid": "c9169b5e-8ec2-4056-8d96-07b809c63e39",
              "parentUUID": "18997b2a-5d63-4a9b-a4d2-4001c975f925",
              "isHook": false,
              "skipped": false
            },
            {
              "title": "39.32. Verify check that the grid list content changes correctly from english to bangla.",
              "fullTitle": "39. Savings Product Module Test Cases 39.32. Verify check that the grid list content changes correctly from english to bangla.",
              "timedOut": null,
              "duration": 176,
              "state": "passed",
              "speed": "fast",
              "pass": true,
              "fail": false,
              "pending": false,
              "context": null,
              "code": "_savingsProduct.create_savings_product.gridLanguageSwitchCheck();",
              "err": {},
              "uuid": "74f82f42-f7b7-4a28-900f-32698cdeb9fd",
              "parentUUID": "18997b2a-5d63-4a9b-a4d2-4001c975f925",
              "isHook": false,
              "skipped": false
            }
          ],
          "suites": [],
          "passes": [
            "ccb225bd-d0ff-4dca-928d-2c81ec5b3efd",
            "594267b2-55ce-422b-bee7-2028e32121a2",
            "eccbcb97-4d2d-495b-8f6f-365329e2aa70",
            "8e06e9ec-ca25-4f97-8bd1-f305186ce34c",
            "4f61722c-6b92-4e46-8b25-e08634ac15f3",
            "7edb1696-905e-4822-8a74-8abc046a4dc8",
            "4bb6b9b2-b409-4518-9f4c-582976ceae93",
            "913f55ed-a3c4-46b2-a1ac-35e7b77e4da9",
            "0f947e69-a777-4805-9a25-8670579987bf",
            "50f63568-43f9-4102-a847-529b65dce424",
            "9accfb64-58e8-4cb9-a21a-d5027f1b7d19",
            "7987b2f5-4598-4eb0-8850-1ea75e904703",
            "bb33b9d8-e1bc-4fdf-ba81-a81f539ddb30",
            "d37af41b-e954-4011-91c3-8b933b40e0da",
            "0cd64d4e-8b5d-482f-9c70-5b4ceccf5e36",
            "9febfa93-f025-4773-beaf-4380ff7a3e6a",
            "0c520941-4475-42ca-b246-67db38bdfae2",
            "33043305-c0b3-409d-bd31-b1c93a8ab9db",
            "56126300-11db-4e7b-b692-8fd7b75b6781",
            "9508e949-23d5-4878-aa2d-92b5f0ab4fb0",
            "6a60b2ad-c2ad-4912-9c45-601c36f88782",
            "89348a2d-0183-476a-a055-fffd6e68c05a",
            "ddc2ac6b-a867-4a9c-8a04-26c5a9c3c84e",
            "a12d122c-9480-4b45-a467-53eb20f5a8a4",
            "37685a32-63a9-4089-b5be-dda2cac1d3d0",
            "fc068037-d4ef-4e23-8351-3e50df336c5f",
            "086efbb8-8083-4064-80b3-a42fd64c3cee",
            "a9d70712-d5a1-4329-a520-f41db95d3b2b",
            "54850ab2-0b7a-4255-a593-d7d2608982d5",
            "c9169b5e-8ec2-4056-8d96-07b809c63e39",
            "74f82f42-f7b7-4a28-900f-32698cdeb9fd"
          ],
          "failures": [],
          "pending": [],
          "skipped": [],
          "duration": 116273,
          "root": false,
          "rootEmpty": false,
          "_timeout": 2000
        }
      ],
      "passes": [],
      "failures": [],
      "pending": [],
      "skipped": [],
      "duration": 0,
      "root": true,
      "rootEmpty": true,
      "_timeout": 2000
    }
  ],
  "meta": {
    "mocha": {
      "version": "7.2.0"
    },
    "mochawesome": {
      "options": {
        "quiet": false,
        "reportFilename": "mochawesome",
        "saveHtml": false,
        "saveJson": true,
        "consoleReporter": "spec",
        "useInlineDiffs": false,
        "code": true
      },
      "version": "7.1.3"
    },
    "marge": {
      "options": {
        "reportDir": "cypress/reports/.jsons",
        "jsonDir": "cypress/reports",
        "embeddedScreenshots": false,
        "overwrite": false,
        "html": false,
        "json": true,
        "inline": true,
        "saveJson": true
      },
      "version": "6.2.0"
    }
  }
}