{
  "stats": {
    "suites": 1,
    "tests": 16,
    "passes": 16,
    "pending": 0,
    "failures": 0,
    "testsRegistered": 16,
    "passPercent": 100,
    "pendingPercent": 0,
    "other": 0,
    "hasOther": false,
    "skipped": 0,
    "hasSkipped": false,
    "start": "2026-08-04T09:34:16.688Z",
    "end": "2026-08-04T09:34:43.415Z",
    "duration": 26727
  },
  "results": [
    {
      "uuid": "060df77a-f7c4-4bab-814c-278608dad0bc",
      "title": "",
      "fullFile": "cypress/e2e/02-branch-manager/01-mis/20-rejected-samity/rejected-samity.cy.js",
      "file": "cypress/e2e/02-branch-manager/01-mis/20-rejected-samity/rejected-samity.cy.js",
      "beforeHooks": [],
      "afterHooks": [],
      "tests": [],
      "suites": [
        {
          "uuid": "b7fee854-e27e-4137-8918-60614a1057a4",
          "title": "20. Rejected Samity Module Test Cases",
          "fullFile": "cypress/e2e/02-branch-manager/01-mis/20-rejected-samity/rejected-samity.cy.js",
          "file": "cypress/e2e/02-branch-manager/01-mis/20-rejected-samity/rejected-samity.cy.js",
          "beforeHooks": [],
          "afterHooks": [],
          "tests": [
            {
              "title": "20.01. Verify create a rejected samity record successfully when valid required data is provided",
              "fullTitle": "20. Rejected Samity Module Test Cases 20.01. Verify create a rejected samity record successfully when valid required data is provided",
              "timedOut": null,
              "duration": 14432,
              "state": "passed",
              "speed": "slow",
              "pass": true,
              "fail": false,
              "pending": false,
              "context": null,
              "code": "_rejectedSamity.create_rejected_samity.createRejectSamity();",
              "err": {},
              "uuid": "c38890d7-a959-44fa-a86e-33b209ebd64f",
              "parentUUID": "b7fee854-e27e-4137-8918-60614a1057a4",
              "isHook": false,
              "skipped": false
            },
            {
              "title": "20.02. Verify allow branch manager to approve a newly created rejected samity record",
              "fullTitle": "20. Rejected Samity Module Test Cases 20.02. Verify allow branch manager to approve a newly created rejected samity record",
              "timedOut": null,
              "duration": 1651,
              "state": "passed",
              "speed": "fast",
              "pass": true,
              "fail": false,
              "pending": false,
              "context": null,
              "code": "_rejectedSamity.create_rejected_samity.approveRejectedSamity();",
              "err": {},
              "uuid": "f2eef918-fa35-46f9-9841-71f2a3d91c43",
              "parentUUID": "b7fee854-e27e-4137-8918-60614a1057a4",
              "isHook": false,
              "skipped": false
            },
            {
              "title": "20.03. Verify load the rejected samity list page successfully",
              "fullTitle": "20. Rejected Samity Module Test Cases 20.03. Verify load the rejected samity list page successfully",
              "timedOut": null,
              "duration": 3186,
              "state": "passed",
              "speed": "fast",
              "pass": true,
              "fail": false,
              "pending": false,
              "context": null,
              "code": "_rejectedSamity.create_rejected_samity.gridRejectedSamityListPage();",
              "err": {},
              "uuid": "00860caa-6cc2-43e4-b278-96d27c5fb6ae",
              "parentUUID": "b7fee854-e27e-4137-8918-60614a1057a4",
              "isHook": false,
              "skipped": false
            },
            {
              "title": "20.04. Verify perform the expected action when action button is clicked",
              "fullTitle": "20. Rejected Samity Module Test Cases 20.04. Verify perform the expected action when action button is clicked",
              "timedOut": null,
              "duration": 419,
              "state": "passed",
              "speed": "fast",
              "pass": true,
              "fail": false,
              "pending": false,
              "context": null,
              "code": "_rejectedSamity.create_rejected_samity.actionButtonCheck();",
              "err": {},
              "uuid": "03d60ae0-5691-4843-85fc-bc7992a427c9",
              "parentUUID": "b7fee854-e27e-4137-8918-60614a1057a4",
              "isHook": false,
              "skipped": false
            },
            {
              "title": "20.05. Verify display rejected samity details including name and description",
              "fullTitle": "20. Rejected Samity Module Test Cases 20.05. Verify display rejected samity details including name and description",
              "timedOut": null,
              "duration": 176,
              "state": "passed",
              "speed": "fast",
              "pass": true,
              "fail": false,
              "pending": false,
              "context": null,
              "code": "_rejectedSamity.create_rejected_samity.viewRejectedSamity();",
              "err": {},
              "uuid": "30cc6264-817f-4553-b55d-703a3cacd069",
              "parentUUID": "b7fee854-e27e-4137-8918-60614a1057a4",
              "isHook": false,
              "skipped": false
            },
            {
              "title": "20.06. Verify redirect to rejected samity list page when Go Back button is clicked from view page",
              "fullTitle": "20. Rejected Samity Module Test Cases 20.06. Verify redirect to rejected samity list page when Go Back button is clicked from view page",
              "timedOut": null,
              "duration": 405,
              "state": "passed",
              "speed": "fast",
              "pass": true,
              "fail": false,
              "pending": false,
              "context": null,
              "code": "_rejectedSamity.create_rejected_samity.viewGoBackButton();",
              "err": {},
              "uuid": "a562e760-7627-4069-8fee-658869b0760d",
              "parentUUID": "b7fee854-e27e-4137-8918-60614a1057a4",
              "isHook": false,
              "skipped": false
            },
            {
              "title": "20.07. Verify reset modified data on rejected samity edit page when reset button is clicked",
              "fullTitle": "20. Rejected Samity Module Test Cases 20.07. Verify reset modified data on rejected samity edit page when reset button is clicked",
              "timedOut": null,
              "duration": 1917,
              "state": "passed",
              "speed": "fast",
              "pass": true,
              "fail": false,
              "pending": false,
              "context": null,
              "code": "_rejectedSamity.create_rejected_samity.editResetButton();",
              "err": {},
              "uuid": "76b69265-9175-4096-ac93-6498a4ab65da",
              "parentUUID": "b7fee854-e27e-4137-8918-60614a1057a4",
              "isHook": false,
              "skipped": false
            },
            {
              "title": "20.08. Verify save rejected samity record as draft from edit page",
              "fullTitle": "20. Rejected Samity Module Test Cases 20.08. Verify save rejected samity record as draft from edit page",
              "timedOut": null,
              "duration": 324,
              "state": "passed",
              "speed": "fast",
              "pass": true,
              "fail": false,
              "pending": false,
              "context": null,
              "code": "_rejectedSamity.create_rejected_samity.editDraftButton();",
              "err": {},
              "uuid": "add10f0c-92a9-43d0-90c7-07336ca18dfe",
              "parentUUID": "b7fee854-e27e-4137-8918-60614a1057a4",
              "isHook": false,
              "skipped": false
            },
            {
              "title": "20.09. Verify update rejected samity record successfully when submit button is clicked",
              "fullTitle": "20. Rejected Samity Module Test Cases 20.09. Verify update rejected samity record successfully when submit button is clicked",
              "timedOut": null,
              "duration": 493,
              "state": "passed",
              "speed": "fast",
              "pass": true,
              "fail": false,
              "pending": false,
              "context": null,
              "code": "_rejectedSamity.create_rejected_samity.editSubmitButton();",
              "err": {},
              "uuid": "82b6c7aa-a5de-49d5-ad68-88e5af3aa94f",
              "parentUUID": "b7fee854-e27e-4137-8918-60614a1057a4",
              "isHook": false,
              "skipped": false
            },
            {
              "title": "20.10. Verify approve rejected samity record successfully from edit page",
              "fullTitle": "20. Rejected Samity Module Test Cases 20.10. Verify approve rejected samity record successfully from edit page",
              "timedOut": null,
              "duration": 470,
              "state": "passed",
              "speed": "fast",
              "pass": true,
              "fail": false,
              "pending": false,
              "context": null,
              "code": "_rejectedSamity.create_rejected_samity.editApproveButton();",
              "err": {},
              "uuid": "2cb5e8ff-d093-4d4b-81bb-5f938dcca7e3",
              "parentUUID": "b7fee854-e27e-4137-8918-60614a1057a4",
              "isHook": false,
              "skipped": false
            },
            {
              "title": "20.11. Verify redirect to rejected samity list page when Go Back button is clicked from edit page",
              "fullTitle": "20. Rejected Samity Module Test Cases 20.11. Verify redirect to rejected samity list page when Go Back button is clicked from edit page",
              "timedOut": null,
              "duration": 215,
              "state": "passed",
              "speed": "fast",
              "pass": true,
              "fail": false,
              "pending": false,
              "context": null,
              "code": "_rejectedSamity.create_rejected_samity.editGoBackButton();",
              "err": {},
              "uuid": "afba0750-8b17-40cf-ad24-65cc13f97e99",
              "parentUUID": "b7fee854-e27e-4137-8918-60614a1057a4",
              "isHook": false,
              "skipped": false
            },
            {
              "title": "20.12. Verify return correct results when searching rejected samity by name",
              "fullTitle": "20. Rejected Samity Module Test Cases 20.12. Verify return correct results when searching rejected samity by name",
              "timedOut": null,
              "duration": 821,
              "state": "passed",
              "speed": "fast",
              "pass": true,
              "fail": false,
              "pending": false,
              "context": null,
              "code": "_rejectedSamity.create_rejected_samity.searchInRejectSamityName();",
              "err": {},
              "uuid": "00183d38-717b-4e6d-865d-9d5338bf04f7",
              "parentUUID": "b7fee854-e27e-4137-8918-60614a1057a4",
              "isHook": false,
              "skipped": false
            },
            {
              "title": "20.13. Verify reset grid filters and results when reset button is clicked",
              "fullTitle": "20. Rejected Samity Module Test Cases 20.13. Verify reset grid filters and results when reset button is clicked",
              "timedOut": null,
              "duration": 126,
              "state": "passed",
              "speed": "fast",
              "pass": true,
              "fail": false,
              "pending": false,
              "context": null,
              "code": "_rejectedSamity.create_rejected_samity.gridResetButtonCheck();",
              "err": {},
              "uuid": "34aa65e2-524c-4c1b-98ab-3c39974b8d31",
              "parentUUID": "b7fee854-e27e-4137-8918-60614a1057a4",
              "isHook": false,
              "skipped": false
            },
            {
              "title": "20.14. Verify refresh grid data successfully when refresh button is clicked",
              "fullTitle": "20. Rejected Samity Module Test Cases 20.14. Verify refresh grid data successfully when refresh button is clicked",
              "timedOut": null,
              "duration": 87,
              "state": "passed",
              "speed": "fast",
              "pass": true,
              "fail": false,
              "pending": false,
              "context": null,
              "code": "_rejectedSamity.create_rejected_samity.gridRefreshButtonCheck();",
              "err": {},
              "uuid": "d3748dab-1cc6-40fc-a610-a16742b201ba",
              "parentUUID": "b7fee854-e27e-4137-8918-60614a1057a4",
              "isHook": false,
              "skipped": false
            },
            {
              "title": "20.15. Verify navigate to rejected samity list page when search button is clicked",
              "fullTitle": "20. Rejected Samity Module Test Cases 20.15. Verify navigate to rejected samity list page when search button is clicked",
              "timedOut": null,
              "duration": 1129,
              "state": "passed",
              "speed": "fast",
              "pass": true,
              "fail": false,
              "pending": false,
              "context": null,
              "code": "_rejectedSamity.create_rejected_samity.gridSearchButtonCheck();",
              "err": {},
              "uuid": "0b84be99-f078-4518-9cf4-11e6d70f76e8",
              "parentUUID": "b7fee854-e27e-4137-8918-60614a1057a4",
              "isHook": false,
              "skipped": false
            },
            {
              "title": "20.16. Verify update grid content correctly when language is switched from English to Bangla",
              "fullTitle": "20. Rejected Samity Module Test Cases 20.16. Verify update grid content correctly when language is switched from English to Bangla",
              "timedOut": null,
              "duration": 270,
              "state": "passed",
              "speed": "fast",
              "pass": true,
              "fail": false,
              "pending": false,
              "context": null,
              "code": "_rejectedSamity.create_rejected_samity.gridLanguageSwitchCheck();",
              "err": {},
              "uuid": "9ad84732-aa2d-4381-a0e2-52ba99986593",
              "parentUUID": "b7fee854-e27e-4137-8918-60614a1057a4",
              "isHook": false,
              "skipped": false
            }
          ],
          "suites": [],
          "passes": [
            "c38890d7-a959-44fa-a86e-33b209ebd64f",
            "f2eef918-fa35-46f9-9841-71f2a3d91c43",
            "00860caa-6cc2-43e4-b278-96d27c5fb6ae",
            "03d60ae0-5691-4843-85fc-bc7992a427c9",
            "30cc6264-817f-4553-b55d-703a3cacd069",
            "a562e760-7627-4069-8fee-658869b0760d",
            "76b69265-9175-4096-ac93-6498a4ab65da",
            "add10f0c-92a9-43d0-90c7-07336ca18dfe",
            "82b6c7aa-a5de-49d5-ad68-88e5af3aa94f",
            "2cb5e8ff-d093-4d4b-81bb-5f938dcca7e3",
            "afba0750-8b17-40cf-ad24-65cc13f97e99",
            "00183d38-717b-4e6d-865d-9d5338bf04f7",
            "34aa65e2-524c-4c1b-98ab-3c39974b8d31",
            "d3748dab-1cc6-40fc-a610-a16742b201ba",
            "0b84be99-f078-4518-9cf4-11e6d70f76e8",
            "9ad84732-aa2d-4381-a0e2-52ba99986593"
          ],
          "failures": [],
          "pending": [],
          "skipped": [],
          "duration": 26121,
          "root": false,
          "rootEmpty": false,
          "_timeout": 2000
        }
      ],
      "passes": [],
      "failures": [],
      "pending": [],
      "skipped": [],
      "duration": 0,
      "root": true,
      "rootEmpty": true,
      "_timeout": 2000
    }
  ],
  "meta": {
    "mocha": {
      "version": "7.2.0"
    },
    "mochawesome": {
      "options": {
        "quiet": false,
        "reportFilename": "mochawesome",
        "saveHtml": false,
        "saveJson": true,
        "consoleReporter": "spec",
        "useInlineDiffs": false,
        "code": true
      },
      "version": "7.1.3"
    },
    "marge": {
      "options": {
        "reportDir": "cypress/reports/.jsons",
        "jsonDir": "cypress/reports",
        "embeddedScreenshots": false,
        "overwrite": false,
        "html": false,
        "json": true,
        "inline": true,
        "saveJson": true
      },
      "version": "6.2.0"
    }
  }
}