{
  "stats": {
    "suites": 1,
    "tests": 27,
    "passes": 27,
    "pending": 0,
    "failures": 0,
    "start": "2026-08-09T12:15:18.747Z",
    "end": "2026-08-09T12:16:01.469Z",
    "duration": 42722,
    "testsRegistered": 27,
    "passPercent": 100,
    "pendingPercent": 0,
    "other": 0,
    "hasOther": false,
    "skipped": 0,
    "hasSkipped": false
  },
  "results": [
    {
      "uuid": "3df41360-b912-4c0e-9ca2-9d33fd849deb",
      "title": "",
      "fullFile": "cypress/e2e/01-mfi-admin/01-mis/08-fee-configuration/fee-configuration.cy.js",
      "file": "cypress/e2e/01-mfi-admin/01-mis/08-fee-configuration/fee-configuration.cy.js",
      "beforeHooks": [],
      "afterHooks": [],
      "tests": [],
      "suites": [
        {
          "uuid": "5d805f83-ab08-4f84-a277-0e2e6cf7e5f2",
          "title": "08. Fee Configuration Module Test Cases",
          "fullFile": "",
          "file": "",
          "beforeHooks": [],
          "afterHooks": [],
          "tests": [
            {
              "title": "08.01. Verify that the fee configuration list page loads successfully without any errors.",
              "fullTitle": "08. Fee Configuration Module Test Cases 08.01. Verify that the fee configuration list page loads successfully without any errors.",
              "timedOut": null,
              "duration": 6811,
              "state": "passed",
              "speed": "medium",
              "pass": true,
              "fail": false,
              "pending": false,
              "context": null,
              "code": "_feeConfiguration.create_fee_configuration.gridFeeConfigurationListPage();",
              "err": {},
              "uuid": "38d38190-172f-44fe-bdd3-b16c92e8985a",
              "parentUUID": "5d805f83-ab08-4f84-a277-0e2e6cf7e5f2",
              "isHook": false,
              "skipped": false
            },
            {
              "title": "08.02. Verify that a new fee configuration is created successfully when all required fields are filled with valid data.",
              "fullTitle": "08. Fee Configuration Module Test Cases 08.02. Verify that a new fee configuration is created successfully when all required fields are filled with valid data.",
              "timedOut": null,
              "duration": 4446,
              "state": "passed",
              "speed": "fast",
              "pass": true,
              "fail": false,
              "pending": false,
              "context": null,
              "code": "_feeConfiguration.create_fee_configuration.createFeeConfiguration();",
              "err": {},
              "uuid": "f99acf02-f59e-4663-baca-389a8e19231b",
              "parentUUID": "5d805f83-ab08-4f84-a277-0e2e6cf7e5f2",
              "isHook": false,
              "skipped": false
            },
            {
              "title": "08.03. Verify that a fee configuration cannot be created without entering a fee collection code, even when all other fields contain valid data.",
              "fullTitle": "08. Fee Configuration Module Test Cases 08.03. Verify that a fee configuration cannot be created without entering a fee collection code, even when all other fields contain valid data.",
              "timedOut": null,
              "duration": 2061,
              "state": "passed",
              "speed": "fast",
              "pass": true,
              "fail": false,
              "pending": false,
              "context": null,
              "code": "_feeConfiguration.create_fee_configuration.createWitoutCollCode();",
              "err": {},
              "uuid": "7132fda7-9751-4ee4-807e-7c7aa5e82c55",
              "parentUUID": "5d805f83-ab08-4f84-a277-0e2e6cf7e5f2",
              "isHook": false,
              "skipped": false
            },
            {
              "title": "08.04. Verify that a fee configuration cannot be created without entering the fee type name in English, even when all other fields contain valid data.",
              "fullTitle": "08. Fee Configuration Module Test Cases 08.04. Verify that a fee configuration cannot be created without entering the fee type name in English, even when all other fields contain valid data.",
              "timedOut": null,
              "duration": 2148,
              "state": "passed",
              "speed": "fast",
              "pass": true,
              "fail": false,
              "pending": false,
              "context": null,
              "code": "_feeConfiguration.create_fee_configuration.createWithoutNameEn();",
              "err": {},
              "uuid": "7a5201a5-e618-43ad-9218-fd3a15e1db0b",
              "parentUUID": "5d805f83-ab08-4f84-a277-0e2e6cf7e5f2",
              "isHook": false,
              "skipped": false
            },
            {
              "title": "08.05. Verify that a fee configuration cannot be created without entering the fee type name in Bangla, even when all other fields contain valid data.",
              "fullTitle": "08. Fee Configuration Module Test Cases 08.05. Verify that a fee configuration cannot be created without entering the fee type name in Bangla, even when all other fields contain valid data.",
              "timedOut": null,
              "duration": 3909,
              "state": "passed",
              "speed": "fast",
              "pass": true,
              "fail": false,
              "pending": false,
              "context": null,
              "code": "_feeConfiguration.create_fee_configuration.createWithoutNameBn();",
              "err": {},
              "uuid": "a56d8341-822b-4f32-ad63-4380727079e4",
              "parentUUID": "5d805f83-ab08-4f84-a277-0e2e6cf7e5f2",
              "isHook": false,
              "skipped": false
            },
            {
              "title": "08.06. Verify that a fee configuration cannot be created without entering an amount, even when all other fields contain valid data.",
              "fullTitle": "08. Fee Configuration Module Test Cases 08.06. Verify that a fee configuration cannot be created without entering an amount, even when all other fields contain valid data.",
              "timedOut": null,
              "duration": 1959,
              "state": "passed",
              "speed": "fast",
              "pass": true,
              "fail": false,
              "pending": false,
              "context": null,
              "code": "_feeConfiguration.create_fee_configuration.createWithoutAmount();",
              "err": {},
              "uuid": "62d2033e-7a53-4596-8104-569ff5ce12d5",
              "parentUUID": "5d805f83-ab08-4f84-a277-0e2e6cf7e5f2",
              "isHook": false,
              "skipped": false
            },
            {
              "title": "08.07. Verify that a fee configuration cannot be created without selecting a ledger, even when all other fields contain valid data.",
              "fullTitle": "08. Fee Configuration Module Test Cases 08.07. Verify that a fee configuration cannot be created without selecting a ledger, even when all other fields contain valid data.",
              "timedOut": null,
              "duration": 1827,
              "state": "passed",
              "speed": "fast",
              "pass": true,
              "fail": false,
              "pending": false,
              "context": null,
              "code": "_feeConfiguration.create_fee_configuration.createWithoutLedger();",
              "err": {},
              "uuid": "d4b7ebb0-d163-4259-9686-6322313e8edd",
              "parentUUID": "5d805f83-ab08-4f84-a277-0e2e6cf7e5f2",
              "isHook": false,
              "skipped": false
            },
            {
              "title": "08.08. Verify that a fee configuration cannot be created without selecting a subledger, even when all other fields contain valid data.",
              "fullTitle": "08. Fee Configuration Module Test Cases 08.08. Verify that a fee configuration cannot be created without selecting a subledger, even when all other fields contain valid data.",
              "timedOut": null,
              "duration": 4097,
              "state": "passed",
              "speed": "fast",
              "pass": true,
              "fail": false,
              "pending": false,
              "context": null,
              "code": "_feeConfiguration.create_fee_configuration.createWithoutSubledger();",
              "err": {},
              "uuid": "b4a3728b-2981-4a20-8246-08c2c17b407b",
              "parentUUID": "5d805f83-ab08-4f84-a277-0e2e6cf7e5f2",
              "isHook": false,
              "skipped": false
            },
            {
              "title": "08.09. Verify that a fee configuration cannot be created without selecting a status, even when all other fields contain valid data.",
              "fullTitle": "08. Fee Configuration Module Test Cases 08.09. Verify that a fee configuration cannot be created without selecting a status, even when all other fields contain valid data.",
              "timedOut": null,
              "duration": 2503,
              "state": "passed",
              "speed": "fast",
              "pass": true,
              "fail": false,
              "pending": false,
              "context": null,
              "code": "_feeConfiguration.create_fee_configuration.createWithoutStatus();",
              "err": {},
              "uuid": "a714ba9e-9efb-462a-9ed8-8c2c76674b63",
              "parentUUID": "5d805f83-ab08-4f84-a277-0e2e6cf7e5f2",
              "isHook": false,
              "skipped": false
            },
            {
              "title": "08.10. Verify that the action button performs the expected action successfully when clicked.",
              "fullTitle": "08. Fee Configuration Module Test Cases 08.10. Verify that the action button performs the expected action successfully when clicked.",
              "timedOut": null,
              "duration": 362,
              "state": "passed",
              "speed": "fast",
              "pass": true,
              "fail": false,
              "pending": false,
              "context": null,
              "code": "_feeConfiguration.create_fee_configuration.actionButtonCheck();",
              "err": {},
              "uuid": "9a4fd853-eaf9-4d19-8357-6041cf61f4ee",
              "parentUUID": "5d805f83-ab08-4f84-a277-0e2e6cf7e5f2",
              "isHook": false,
              "skipped": false
            },
            {
              "title": "08.11. Verify that the user can view all relevant details of a fee configuration, including its associated information.",
              "fullTitle": "08. Fee Configuration Module Test Cases 08.11. Verify that the user can view all relevant details of a fee configuration, including its associated information.",
              "timedOut": null,
              "duration": 464,
              "state": "passed",
              "speed": "fast",
              "pass": true,
              "fail": false,
              "pending": false,
              "context": null,
              "code": "_feeConfiguration.create_fee_configuration.viewFeeConfiguration();",
              "err": {},
              "uuid": "6254a50a-41c3-4460-9b6b-79068d7894dc",
              "parentUUID": "5d805f83-ab08-4f84-a277-0e2e6cf7e5f2",
              "isHook": false,
              "skipped": false
            },
            {
              "title": "08.12. Verify that clicking the Go Back button on the fee configuration view page redirects the user to the fee configuration list page.",
              "fullTitle": "08. Fee Configuration Module Test Cases 08.12. Verify that clicking the Go Back button on the fee configuration view page redirects the user to the fee configuration list page.",
              "timedOut": null,
              "duration": 379,
              "state": "passed",
              "speed": "fast",
              "pass": true,
              "fail": false,
              "pending": false,
              "context": null,
              "code": "_feeConfiguration.create_fee_configuration.viewGoBackButton();",
              "err": {},
              "uuid": "c006038c-ffd4-4773-8f8c-e51a81eb611c",
              "parentUUID": "5d805f83-ab08-4f84-a277-0e2e6cf7e5f2",
              "isHook": false,
              "skipped": false
            },
            {
              "title": "08.13. Verify that edit mode on the fee configuration form can be toggled on and off, and all fields return to view-only mode when disabled.",
              "fullTitle": "08. Fee Configuration Module Test Cases 08.13. Verify that edit mode on the fee configuration form can be toggled on and off, and all fields return to view-only mode when disabled.",
              "timedOut": null,
              "duration": 1063,
              "state": "passed",
              "speed": "fast",
              "pass": true,
              "fail": false,
              "pending": false,
              "context": null,
              "code": "_feeConfiguration.create_fee_configuration.turnOffEditMode();",
              "err": {},
              "uuid": "061c00ee-4113-478f-acc1-3a2a049e5e67",
              "parentUUID": "5d805f83-ab08-4f84-a277-0e2e6cf7e5f2",
              "isHook": false,
              "skipped": false
            },
            {
              "title": "08.14. Verify that the fee configuration name and description can be edited successfully.",
              "fullTitle": "08. Fee Configuration Module Test Cases 08.14. Verify that the fee configuration name and description can be edited successfully.",
              "timedOut": null,
              "duration": 1330,
              "state": "passed",
              "speed": "fast",
              "pass": true,
              "fail": false,
              "pending": false,
              "context": null,
              "code": "_feeConfiguration.create_fee_configuration.editFeeConfiguration();",
              "err": {},
              "uuid": "12b9732f-425b-42ef-ab6e-302e0476a211",
              "parentUUID": "5d805f83-ab08-4f84-a277-0e2e6cf7e5f2",
              "isHook": false,
              "skipped": false
            },
            {
              "title": "08.15. Verify that the Reset button on the fee configuration edit page clears all modified values correctly.",
              "fullTitle": "08. Fee Configuration Module Test Cases 08.15. Verify that the Reset button on the fee configuration edit page clears all modified values correctly.",
              "timedOut": null,
              "duration": 1044,
              "state": "passed",
              "speed": "fast",
              "pass": true,
              "fail": false,
              "pending": false,
              "context": null,
              "code": "_feeConfiguration.create_fee_configuration.editResetButton();",
              "err": {},
              "uuid": "153425b7-27b1-435f-8175-5a4aded808f0",
              "parentUUID": "5d805f83-ab08-4f84-a277-0e2e6cf7e5f2",
              "isHook": false,
              "skipped": false
            },
            {
              "title": "08.16. Verify that the Submit button on the fee configuration edit page updates the data successfully.",
              "fullTitle": "08. Fee Configuration Module Test Cases 08.16. Verify that the Submit button on the fee configuration edit page updates the data successfully.",
              "timedOut": null,
              "duration": 1285,
              "state": "passed",
              "speed": "fast",
              "pass": true,
              "fail": false,
              "pending": false,
              "context": null,
              "code": "_feeConfiguration.create_fee_configuration.editSubmitButton();",
              "err": {},
              "uuid": "cf7e6b56-9a77-4332-bb43-eb5ce8cf3be5",
              "parentUUID": "5d805f83-ab08-4f84-a277-0e2e6cf7e5f2",
              "isHook": false,
              "skipped": false
            },
            {
              "title": "08.17. Verify that clicking the Go Back button on the fee configuration edit page redirects the user to the fee configuration list page.",
              "fullTitle": "08. Fee Configuration Module Test Cases 08.17. Verify that clicking the Go Back button on the fee configuration edit page redirects the user to the fee configuration list page.",
              "timedOut": null,
              "duration": 935,
              "state": "passed",
              "speed": "fast",
              "pass": true,
              "fail": false,
              "pending": false,
              "context": null,
              "code": "_feeConfiguration.create_fee_configuration.editGoBackButton();",
              "err": {},
              "uuid": "5225a92b-6f92-4d1e-a01c-cd04eee0aec8",
              "parentUUID": "5d805f83-ab08-4f84-a277-0e2e6cf7e5f2",
              "isHook": false,
              "skipped": false
            },
            {
              "title": "08.18. Verify that inactive fee configurations can be filtered correctly using the status dropdown on the fee configuration list page.",
              "fullTitle": "08. Fee Configuration Module Test Cases 08.18. Verify that inactive fee configurations can be filtered correctly using the status dropdown on the fee configuration list page.",
              "timedOut": null,
              "duration": 730,
              "state": "passed",
              "speed": "fast",
              "pass": true,
              "fail": false,
              "pending": false,
              "context": null,
              "code": "_feeConfiguration.create_fee_configuration.statusInactiveDropdownCheck();",
              "err": {},
              "uuid": "4a06ee1b-cf1f-4b92-b3d9-107c84a7aa24",
              "parentUUID": "5d805f83-ab08-4f84-a277-0e2e6cf7e5f2",
              "isHook": false,
              "skipped": false
            },
            {
              "title": "08.19. Verify that active fee configurations are filtered correctly using the status dropdown on the fee configuration list page.",
              "fullTitle": "08. Fee Configuration Module Test Cases 08.19. Verify that active fee configurations are filtered correctly using the status dropdown on the fee configuration list page.",
              "timedOut": null,
              "duration": 332,
              "state": "passed",
              "speed": "fast",
              "pass": true,
              "fail": false,
              "pending": false,
              "context": null,
              "code": "_feeConfiguration.create_fee_configuration.statusActiveDropdownCheck();",
              "err": {},
              "uuid": "25b6b823-c942-411b-a407-11f8288b02d3",
              "parentUUID": "5d805f83-ab08-4f84-a277-0e2e6cf7e5f2",
              "isHook": false,
              "skipped": false
            },
            {
              "title": "08.20. Verify that the search functionality returns correct results when searching by fee configuration name.",
              "fullTitle": "08. Fee Configuration Module Test Cases 08.20. Verify that the search functionality returns correct results when searching by fee configuration name.",
              "timedOut": null,
              "duration": 349,
              "state": "passed",
              "speed": "fast",
              "pass": true,
              "fail": false,
              "pending": false,
              "context": null,
              "code": "_feeConfiguration.create_fee_configuration.searchInFeeConfigurationName();",
              "err": {},
              "uuid": "9e509468-63a9-4d88-8eca-a9833933a3fa",
              "parentUUID": "5d805f83-ab08-4f84-a277-0e2e6cf7e5f2",
              "isHook": false,
              "skipped": false
            },
            {
              "title": "08.21. Verify that the grid list is reset successfully when the Reset button is clicked on the fee configuration page.",
              "fullTitle": "08. Fee Configuration Module Test Cases 08.21. Verify that the grid list is reset successfully when the Reset button is clicked on the fee configuration page.",
              "timedOut": null,
              "duration": 91,
              "state": "passed",
              "speed": "fast",
              "pass": true,
              "fail": false,
              "pending": false,
              "context": null,
              "code": "_feeConfiguration.create_fee_configuration.gridResetButtonCheck();",
              "err": {},
              "uuid": "f26851c7-9968-47e7-9cad-8f99b1e3e117",
              "parentUUID": "5d805f83-ab08-4f84-a277-0e2e6cf7e5f2",
              "isHook": false,
              "skipped": false
            },
            {
              "title": "08.22. Verify that the grid list is refreshed successfully when the Refresh button is clicked on the fee configuration page.",
              "fullTitle": "08. Fee Configuration Module Test Cases 08.22. Verify that the grid list is refreshed successfully when the Refresh button is clicked on the fee configuration page.",
              "timedOut": null,
              "duration": 95,
              "state": "passed",
              "speed": "fast",
              "pass": true,
              "fail": false,
              "pending": false,
              "context": null,
              "code": "_feeConfiguration.create_fee_configuration.gridRefreshButtonCheck();",
              "err": {},
              "uuid": "30f83302-7ff2-4f8c-bc80-900d7d34296c",
              "parentUUID": "5d805f83-ab08-4f84-a277-0e2e6cf7e5f2",
              "isHook": false,
              "skipped": false
            },
            {
              "title": "08.23. Verify that the Reset button on the fee configuration creation page clears all entered input values.",
              "fullTitle": "08. Fee Configuration Module Test Cases 08.23. Verify that the Reset button on the fee configuration creation page clears all entered input values.",
              "timedOut": null,
              "duration": 818,
              "state": "passed",
              "speed": "fast",
              "pass": true,
              "fail": false,
              "pending": false,
              "context": null,
              "code": "_feeConfiguration.create_fee_configuration.createResetButtonCheck();",
              "err": {},
              "uuid": "5dadbfde-f482-4383-a325-9f48b9147458",
              "parentUUID": "5d805f83-ab08-4f84-a277-0e2e6cf7e5f2",
              "isHook": false,
              "skipped": false
            },
            {
              "title": "08.24. Verify that validation messages are displayed for all required fields when the Submit button is clicked with empty inputs.",
              "fullTitle": "08. Fee Configuration Module Test Cases 08.24. Verify that validation messages are displayed for all required fields when the Submit button is clicked with empty inputs.",
              "timedOut": null,
              "duration": 960,
              "state": "passed",
              "speed": "fast",
              "pass": true,
              "fail": false,
              "pending": false,
              "context": null,
              "code": "_feeConfiguration.create_fee_configuration.createValidationMessageCheck();",
              "err": {},
              "uuid": "328d6c64-8622-4ecf-be8c-4fb91c7f4cda",
              "parentUUID": "5d805f83-ab08-4f84-a277-0e2e6cf7e5f2",
              "isHook": false,
              "skipped": false
            },
            {
              "title": "08.25. Verify that clicking the Go Back button on the fee configuration creation page redirects the user to the fee configuration list page.",
              "fullTitle": "08. Fee Configuration Module Test Cases 08.25. Verify that clicking the Go Back button on the fee configuration creation page redirects the user to the fee configuration list page.",
              "timedOut": null,
              "duration": 492,
              "state": "passed",
              "speed": "fast",
              "pass": true,
              "fail": false,
              "pending": false,
              "context": null,
              "code": "_feeConfiguration.create_fee_configuration.createGoBackButtonCheck();",
              "err": {},
              "uuid": "046aa806-f57e-4ad2-818e-492de5fa3c82",
              "parentUUID": "5d805f83-ab08-4f84-a277-0e2e6cf7e5f2",
              "isHook": false,
              "skipped": false
            },
            {
              "title": "08.26. Verify that clicking the Search button on the fee configuration grid page displays the correct filtered results.",
              "fullTitle": "08. Fee Configuration Module Test Cases 08.26. Verify that clicking the Search button on the fee configuration grid page displays the correct filtered results.",
              "timedOut": null,
              "duration": 698,
              "state": "passed",
              "speed": "fast",
              "pass": true,
              "fail": false,
              "pending": false,
              "context": null,
              "code": "_feeConfiguration.create_fee_configuration.gridSearchButtonCheck();",
              "err": {},
              "uuid": "7a7479f0-d017-4933-8eb0-9f14f1037a01",
              "parentUUID": "5d805f83-ab08-4f84-a277-0e2e6cf7e5f2",
              "isHook": false,
              "skipped": false
            },
            {
              "title": "08.27. Verify that the grid list content updates correctly when switching the language from English to Bangla.",
              "fullTitle": "08. Fee Configuration Module Test Cases 08.27. Verify that the grid list content updates correctly when switching the language from English to Bangla.",
              "timedOut": null,
              "duration": 174,
              "state": "passed",
              "speed": "fast",
              "pass": true,
              "fail": false,
              "pending": false,
              "context": null,
              "code": "_feeConfiguration.create_fee_configuration.gridLanguageSwitchCheck();",
              "err": {},
              "uuid": "caafa4b3-015e-40e5-b882-067e9fa9be1e",
              "parentUUID": "5d805f83-ab08-4f84-a277-0e2e6cf7e5f2",
              "isHook": false,
              "skipped": false
            }
          ],
          "suites": [],
          "passes": [
            "38d38190-172f-44fe-bdd3-b16c92e8985a",
            "f99acf02-f59e-4663-baca-389a8e19231b",
            "7132fda7-9751-4ee4-807e-7c7aa5e82c55",
            "7a5201a5-e618-43ad-9218-fd3a15e1db0b",
            "a56d8341-822b-4f32-ad63-4380727079e4",
            "62d2033e-7a53-4596-8104-569ff5ce12d5",
            "d4b7ebb0-d163-4259-9686-6322313e8edd",
            "b4a3728b-2981-4a20-8246-08c2c17b407b",
            "a714ba9e-9efb-462a-9ed8-8c2c76674b63",
            "9a4fd853-eaf9-4d19-8357-6041cf61f4ee",
            "6254a50a-41c3-4460-9b6b-79068d7894dc",
            "c006038c-ffd4-4773-8f8c-e51a81eb611c",
            "061c00ee-4113-478f-acc1-3a2a049e5e67",
            "12b9732f-425b-42ef-ab6e-302e0476a211",
            "153425b7-27b1-435f-8175-5a4aded808f0",
            "cf7e6b56-9a77-4332-bb43-eb5ce8cf3be5",
            "5225a92b-6f92-4d1e-a01c-cd04eee0aec8",
            "4a06ee1b-cf1f-4b92-b3d9-107c84a7aa24",
            "25b6b823-c942-411b-a407-11f8288b02d3",
            "9e509468-63a9-4d88-8eca-a9833933a3fa",
            "f26851c7-9968-47e7-9cad-8f99b1e3e117",
            "30f83302-7ff2-4f8c-bc80-900d7d34296c",
            "5dadbfde-f482-4383-a325-9f48b9147458",
            "328d6c64-8622-4ecf-be8c-4fb91c7f4cda",
            "046aa806-f57e-4ad2-818e-492de5fa3c82",
            "7a7479f0-d017-4933-8eb0-9f14f1037a01",
            "caafa4b3-015e-40e5-b882-067e9fa9be1e"
          ],
          "failures": [],
          "pending": [],
          "skipped": [],
          "duration": 41362,
          "root": false,
          "rootEmpty": false,
          "_timeout": 2000
        }
      ],
      "passes": [],
      "failures": [],
      "pending": [],
      "skipped": [],
      "duration": 0,
      "root": true,
      "rootEmpty": true,
      "_timeout": 2000
    }
  ],
  "meta": {
    "mocha": {
      "version": "7.2.0"
    },
    "mochawesome": {
      "options": {
        "quiet": false,
        "reportFilename": "mochawesome",
        "saveHtml": false,
        "saveJson": true,
        "consoleReporter": "spec",
        "useInlineDiffs": false,
        "code": true
      },
      "version": "7.1.3"
    },
    "marge": {
      "options": {
        "reportDir": "cypress/reports/.jsons",
        "jsonDir": "cypress/reports",
        "embeddedScreenshots": false,
        "overwrite": false,
        "html": false,
        "json": true,
        "inline": true,
        "saveJson": true
      },
      "version": "6.2.0"
    }
  }
}