{
  "stats": {
    "suites": 1,
    "tests": 24,
    "passes": 24,
    "pending": 0,
    "failures": 0,
    "start": "2026-08-09T12:17:07.517Z",
    "end": "2026-08-09T12:17:32.418Z",
    "duration": 24901,
    "testsRegistered": 24,
    "passPercent": 100,
    "pendingPercent": 0,
    "other": 0,
    "hasOther": false,
    "skipped": 0,
    "hasSkipped": false
  },
  "results": [
    {
      "uuid": "4eb4a408-25cf-41e9-b4c7-d92ef883bf10",
      "title": "",
      "fullFile": "cypress/e2e/01-mfi-admin/01-mis/11-loan-fund/loan-fund.cy.js",
      "file": "cypress/e2e/01-mfi-admin/01-mis/11-loan-fund/loan-fund.cy.js",
      "beforeHooks": [],
      "afterHooks": [],
      "tests": [],
      "suites": [
        {
          "uuid": "2845a16a-772f-4381-a9db-a3830e21b7eb",
          "title": "11. Loan Fund Module Test Cases",
          "fullFile": "",
          "file": "",
          "beforeHooks": [],
          "afterHooks": [],
          "tests": [
            {
              "title": "11.01. Verify that the Loan Fund list page loads successfully without any errors.",
              "fullTitle": "11. Loan Fund Module Test Cases 11.01. Verify that the Loan Fund list page loads successfully without any errors.",
              "timedOut": null,
              "duration": 5764,
              "state": "passed",
              "speed": "medium",
              "pass": true,
              "fail": false,
              "pending": false,
              "context": null,
              "code": "_loanFund.create_loan_fund.gridLoanFundListPage();",
              "err": {},
              "uuid": "3183b6b3-efba-461d-89c8-eab12bc88280",
              "parentUUID": "2845a16a-772f-4381-a9db-a3830e21b7eb",
              "isHook": false,
              "skipped": false
            },
            {
              "title": "11.02. Verify that a new Loan Fund is created successfully when all required fields are filled with valid data.",
              "fullTitle": "11. Loan Fund Module Test Cases 11.02. Verify that a new Loan Fund is created successfully when all required fields are filled with valid data.",
              "timedOut": null,
              "duration": 2162,
              "state": "passed",
              "speed": "fast",
              "pass": true,
              "fail": false,
              "pending": false,
              "context": null,
              "code": "_loanFund.create_loan_fund.createLoanFund();",
              "err": {},
              "uuid": "b6d65e55-875c-4d29-9f67-5cdeac30d36d",
              "parentUUID": "2845a16a-772f-4381-a9db-a3830e21b7eb",
              "isHook": false,
              "skipped": false
            },
            {
              "title": "11.03. Verify that a Loan Fund cannot be created without a Bank Account, even if all other fields are valid.",
              "fullTitle": "11. Loan Fund Module Test Cases 11.03. Verify that a Loan Fund cannot be created without a Bank Account, even if all other fields are valid.",
              "timedOut": null,
              "duration": 1538,
              "state": "passed",
              "speed": "fast",
              "pass": true,
              "fail": false,
              "pending": false,
              "context": null,
              "code": "_loanFund.create_loan_fund.createWithoutBankAccount();",
              "err": {},
              "uuid": "94e71a00-c546-41fd-97a7-a6539806b488",
              "parentUUID": "2845a16a-772f-4381-a9db-a3830e21b7eb",
              "isHook": false,
              "skipped": false
            },
            {
              "title": "11.04. Verify that a Loan Fund cannot be created without a Funding Organization ID, even if all other fields are valid.",
              "fullTitle": "11. Loan Fund Module Test Cases 11.04. Verify that a Loan Fund cannot be created without a Funding Organization ID, even if all other fields are valid.",
              "timedOut": null,
              "duration": 1376,
              "state": "passed",
              "speed": "fast",
              "pass": true,
              "fail": false,
              "pending": false,
              "context": null,
              "code": "_loanFund.create_loan_fund.createWithoutFundingOrganizationId();",
              "err": {},
              "uuid": "8ecddadf-acb1-4e0d-b372-73d6ef082e96",
              "parentUUID": "2845a16a-772f-4381-a9db-a3830e21b7eb",
              "isHook": false,
              "skipped": false
            },
            {
              "title": "11.05. Verify that a Loan Fund cannot be created without an Amount, even if all other fields are valid.",
              "fullTitle": "11. Loan Fund Module Test Cases 11.05. Verify that a Loan Fund cannot be created without an Amount, even if all other fields are valid.",
              "timedOut": null,
              "duration": 1389,
              "state": "passed",
              "speed": "fast",
              "pass": true,
              "fail": false,
              "pending": false,
              "context": null,
              "code": "_loanFund.create_loan_fund.createWithoutAmount();",
              "err": {},
              "uuid": "fdf247da-b4fb-4b82-b96b-ef9c7d11c0f9",
              "parentUUID": "2845a16a-772f-4381-a9db-a3830e21b7eb",
              "isHook": false,
              "skipped": false
            },
            {
              "title": "11.06. Verify that a Loan Fund cannot be created without a Status, even if all other fields are valid.",
              "fullTitle": "11. Loan Fund Module Test Cases 11.06. Verify that a Loan Fund cannot be created without a Status, even if all other fields are valid.",
              "timedOut": null,
              "duration": 1678,
              "state": "passed",
              "speed": "fast",
              "pass": true,
              "fail": false,
              "pending": false,
              "context": null,
              "code": "_loanFund.create_loan_fund.createWithoutStatus();",
              "err": {},
              "uuid": "8dc782fe-062a-4146-b0c2-b3ad827d76e0",
              "parentUUID": "2845a16a-772f-4381-a9db-a3830e21b7eb",
              "isHook": false,
              "skipped": false
            },
            {
              "title": "11.07. Verify that the action button performs the expected action successfully.",
              "fullTitle": "11. Loan Fund Module Test Cases 11.07. Verify that the action button performs the expected action successfully.",
              "timedOut": null,
              "duration": 369,
              "state": "passed",
              "speed": "fast",
              "pass": true,
              "fail": false,
              "pending": false,
              "context": null,
              "code": "_loanFund.create_loan_fund.actionButtonCheck();",
              "err": {},
              "uuid": "6a5925c0-f639-4961-9bb6-fae3db143f13",
              "parentUUID": "2845a16a-772f-4381-a9db-a3830e21b7eb",
              "isHook": false,
              "skipped": false
            },
            {
              "title": "11.08. Verify that the user can view all relevant details of a Loan Fund, including associated fields.",
              "fullTitle": "11. Loan Fund Module Test Cases 11.08. Verify that the user can view all relevant details of a Loan Fund, including associated fields.",
              "timedOut": null,
              "duration": 611,
              "state": "passed",
              "speed": "fast",
              "pass": true,
              "fail": false,
              "pending": false,
              "context": null,
              "code": "_loanFund.create_loan_fund.viewLoanFund();",
              "err": {},
              "uuid": "e792fe1c-36d0-48ca-a2cb-2e9c6a4e4518",
              "parentUUID": "2845a16a-772f-4381-a9db-a3830e21b7eb",
              "isHook": false,
              "skipped": false
            },
            {
              "title": "11.09. Verify that clicking the Go Back button on the Loan Fund view page redirects the user to the Loan Fund list page.",
              "fullTitle": "11. Loan Fund Module Test Cases 11.09. Verify that clicking the Go Back button on the Loan Fund view page redirects the user to the Loan Fund list page.",
              "timedOut": null,
              "duration": 386,
              "state": "passed",
              "speed": "fast",
              "pass": true,
              "fail": false,
              "pending": false,
              "context": null,
              "code": "_loanFund.create_loan_fund.viewGoBackButton();",
              "err": {},
              "uuid": "f8bb9595-91e1-4f77-91c9-48d58f62a3e2",
              "parentUUID": "2845a16a-772f-4381-a9db-a3830e21b7eb",
              "isHook": false,
              "skipped": false
            },
            {
              "title": "11.10. Verify that the Loan Fund form edit mode can be toggled on and off, and all fields are properly enabled or disabled accordingly.",
              "fullTitle": "11. Loan Fund Module Test Cases 11.10. Verify that the Loan Fund form edit mode can be toggled on and off, and all fields are properly enabled or disabled accordingly.",
              "timedOut": null,
              "duration": 1007,
              "state": "passed",
              "speed": "fast",
              "pass": true,
              "fail": false,
              "pending": false,
              "context": null,
              "code": "_loanFund.create_loan_fund.turnOffEditMode();",
              "err": {},
              "uuid": "9a23e48d-4ca3-4ad7-978b-23df53cdd951",
              "parentUUID": "2845a16a-772f-4381-a9db-a3830e21b7eb",
              "isHook": false,
              "skipped": false
            },
            {
              "title": "11.11. Verify that the Loan Fund edit reset button functions correctly.",
              "fullTitle": "11. Loan Fund Module Test Cases 11.11. Verify that the Loan Fund edit reset button functions correctly.",
              "timedOut": null,
              "duration": 932,
              "state": "passed",
              "speed": "fast",
              "pass": true,
              "fail": false,
              "pending": false,
              "context": null,
              "code": "_loanFund.create_loan_fund.editResetButton();",
              "err": {},
              "uuid": "452bf923-6e23-46d0-b302-bea07bb7e4b8",
              "parentUUID": "2845a16a-772f-4381-a9db-a3830e21b7eb",
              "isHook": false,
              "skipped": false
            },
            {
              "title": "11.12. Verify that the Loan Fund edit submit button functions correctly.",
              "fullTitle": "11. Loan Fund Module Test Cases 11.12. Verify that the Loan Fund edit submit button functions correctly.",
              "timedOut": null,
              "duration": 310,
              "state": "passed",
              "speed": "fast",
              "pass": true,
              "fail": false,
              "pending": false,
              "context": null,
              "code": "_loanFund.create_loan_fund.editSubmitButton();",
              "err": {},
              "uuid": "3ed633f3-f80d-4df3-ae40-f102c1e3d3aa",
              "parentUUID": "2845a16a-772f-4381-a9db-a3830e21b7eb",
              "isHook": false,
              "skipped": false
            },
            {
              "title": "11.13. Verify that clicking the Go Back button on the Loan Fund edit page redirects the user to the Loan Fund list page.",
              "fullTitle": "11. Loan Fund Module Test Cases 11.13. Verify that clicking the Go Back button on the Loan Fund edit page redirects the user to the Loan Fund list page.",
              "timedOut": null,
              "duration": 212,
              "state": "passed",
              "speed": "fast",
              "pass": true,
              "fail": false,
              "pending": false,
              "context": null,
              "code": "_loanFund.create_loan_fund.editGoBackButton();",
              "err": {},
              "uuid": "6af515b7-7ae4-47a1-8cc5-def71c41a008",
              "parentUUID": "2845a16a-772f-4381-a9db-a3830e21b7eb",
              "isHook": false,
              "skipped": false
            },
            {
              "title": "11.14. Verify that the Loan Fund name and description can be edited successfully.",
              "fullTitle": "11. Loan Fund Module Test Cases 11.14. Verify that the Loan Fund name and description can be edited successfully.",
              "timedOut": null,
              "duration": 1919,
              "state": "passed",
              "speed": "fast",
              "pass": true,
              "fail": false,
              "pending": false,
              "context": null,
              "code": "_loanFund.create_loan_fund.editLoanFund();",
              "err": {},
              "uuid": "9694e3bd-3023-4a15-b788-7ead2bfce174",
              "parentUUID": "2845a16a-772f-4381-a9db-a3830e21b7eb",
              "isHook": false,
              "skipped": false
            },
            {
              "title": "11.15. Verify that inactive Loan Funds can be filtered using the status dropdown on the Loan Fund list page.",
              "fullTitle": "11. Loan Fund Module Test Cases 11.15. Verify that inactive Loan Funds can be filtered using the status dropdown on the Loan Fund list page.",
              "timedOut": null,
              "duration": 820,
              "state": "passed",
              "speed": "fast",
              "pass": true,
              "fail": false,
              "pending": false,
              "context": null,
              "code": "_loanFund.create_loan_fund.statusInactiveDropdownCheck();",
              "err": {},
              "uuid": "6396cf5a-ba09-4fd5-a4b3-2dad68f7e8ab",
              "parentUUID": "2845a16a-772f-4381-a9db-a3830e21b7eb",
              "isHook": false,
              "skipped": false
            },
            {
              "title": "11.16. Verify that active Loan Funds are filtered correctly using the status dropdown.",
              "fullTitle": "11. Loan Fund Module Test Cases 11.16. Verify that active Loan Funds are filtered correctly using the status dropdown.",
              "timedOut": null,
              "duration": 360,
              "state": "passed",
              "speed": "fast",
              "pass": true,
              "fail": false,
              "pending": false,
              "context": null,
              "code": "_loanFund.create_loan_fund.statusActiveDropdownCheck();",
              "err": {},
              "uuid": "943a6ce0-e0f2-4849-8305-54b8febc9ecb",
              "parentUUID": "2845a16a-772f-4381-a9db-a3830e21b7eb",
              "isHook": false,
              "skipped": false
            },
            {
              "title": "11.17. Verify that searching by Loan Fund name returns correct results.",
              "fullTitle": "11. Loan Fund Module Test Cases 11.17. Verify that searching by Loan Fund name returns correct results.",
              "timedOut": null,
              "duration": 353,
              "state": "passed",
              "speed": "fast",
              "pass": true,
              "fail": false,
              "pending": false,
              "context": null,
              "code": "_loanFund.create_loan_fund.searchInLoanFundName();",
              "err": {},
              "uuid": "5a69c9bb-a520-4ec8-bba9-b72b30c75ed2",
              "parentUUID": "2845a16a-772f-4381-a9db-a3830e21b7eb",
              "isHook": false,
              "skipped": false
            },
            {
              "title": "11.18. Verify that the grid list resets successfully when the Reset button is clicked on the Loan Fund page.",
              "fullTitle": "11. Loan Fund Module Test Cases 11.18. Verify that the grid list resets successfully when the Reset button is clicked on the Loan Fund page.",
              "timedOut": null,
              "duration": 114,
              "state": "passed",
              "speed": "fast",
              "pass": true,
              "fail": false,
              "pending": false,
              "context": null,
              "code": "_loanFund.create_loan_fund.gridResetButtonCheck();",
              "err": {},
              "uuid": "a00c4674-d508-4d62-9911-746d342f4ce2",
              "parentUUID": "2845a16a-772f-4381-a9db-a3830e21b7eb",
              "isHook": false,
              "skipped": false
            },
            {
              "title": "11.19. Verify that the grid list refreshes successfully when the Refresh button is clicked on the Loan Fund page.",
              "fullTitle": "11. Loan Fund Module Test Cases 11.19. Verify that the grid list refreshes successfully when the Refresh button is clicked on the Loan Fund page.",
              "timedOut": null,
              "duration": 123,
              "state": "passed",
              "speed": "fast",
              "pass": true,
              "fail": false,
              "pending": false,
              "context": null,
              "code": "_loanFund.create_loan_fund.gridRefreshButtonCheck();",
              "err": {},
              "uuid": "07901ff4-e8b4-42bc-a054-50aaf4c2895e",
              "parentUUID": "2845a16a-772f-4381-a9db-a3830e21b7eb",
              "isHook": false,
              "skipped": false
            },
            {
              "title": "11.20. Verify that the Loan Fund creation reset button clears all entered input values.",
              "fullTitle": "11. Loan Fund Module Test Cases 11.20. Verify that the Loan Fund creation reset button clears all entered input values.",
              "timedOut": null,
              "duration": 765,
              "state": "passed",
              "speed": "fast",
              "pass": true,
              "fail": false,
              "pending": false,
              "context": null,
              "code": "_loanFund.create_loan_fund.createResetButtonCheck();",
              "err": {},
              "uuid": "2b8362e2-da30-4849-8947-76bd90dc29c1",
              "parentUUID": "2845a16a-772f-4381-a9db-a3830e21b7eb",
              "isHook": false,
              "skipped": false
            },
            {
              "title": "11.21. Verify that validation messages appear for required fields when submitting empty inputs.",
              "fullTitle": "11. Loan Fund Module Test Cases 11.21. Verify that validation messages appear for required fields when submitting empty inputs.",
              "timedOut": null,
              "duration": 679,
              "state": "passed",
              "speed": "fast",
              "pass": true,
              "fail": false,
              "pending": false,
              "context": null,
              "code": "_loanFund.create_loan_fund.createValidationMessageCheck();",
              "err": {},
              "uuid": "7e680ac6-1370-4218-836d-4fa09de4a7cd",
              "parentUUID": "2845a16a-772f-4381-a9db-a3830e21b7eb",
              "isHook": false,
              "skipped": false
            },
            {
              "title": "11.22. Verify that clicking the Go Back button on the Loan Fund create page redirects the user to the Loan Fund list page.",
              "fullTitle": "11. Loan Fund Module Test Cases 11.22. Verify that clicking the Go Back button on the Loan Fund create page redirects the user to the Loan Fund list page.",
              "timedOut": null,
              "duration": 214,
              "state": "passed",
              "speed": "fast",
              "pass": true,
              "fail": false,
              "pending": false,
              "context": null,
              "code": "_loanFund.create_loan_fund.createGoBackButtonCheck();",
              "err": {},
              "uuid": "7e10fc12-450b-40cf-b945-34f003c66e9a",
              "parentUUID": "2845a16a-772f-4381-a9db-a3830e21b7eb",
              "isHook": false,
              "skipped": false
            },
            {
              "title": "11.23. Verify that clicking the Search button on the Loan Fund grid page redirects and displays the Loan Fund list correctly.",
              "fullTitle": "11. Loan Fund Module Test Cases 11.23. Verify that clicking the Search button on the Loan Fund grid page redirects and displays the Loan Fund list correctly.",
              "timedOut": null,
              "duration": 826,
              "state": "passed",
              "speed": "fast",
              "pass": true,
              "fail": false,
              "pending": false,
              "context": null,
              "code": "_loanFund.create_loan_fund.gridSearchButtonCheck();",
              "err": {},
              "uuid": "2c051e87-3822-43b1-b52a-e92500e3a3cb",
              "parentUUID": "2845a16a-772f-4381-a9db-a3830e21b7eb",
              "isHook": false,
              "skipped": false
            },
            {
              "title": "11.24. Verify that the grid list content successfully switches between English and Bangla languages.",
              "fullTitle": "11. Loan Fund Module Test Cases 11.24. Verify that the grid list content successfully switches between English and Bangla languages.",
              "timedOut": null,
              "duration": 176,
              "state": "passed",
              "speed": "fast",
              "pass": true,
              "fail": false,
              "pending": false,
              "context": null,
              "code": "_loanFund.create_loan_fund.gridLanguageSwitchCheck();",
              "err": {},
              "uuid": "ae95bc16-9a3a-435d-a6db-8af8e8a40927",
              "parentUUID": "2845a16a-772f-4381-a9db-a3830e21b7eb",
              "isHook": false,
              "skipped": false
            }
          ],
          "suites": [],
          "passes": [
            "3183b6b3-efba-461d-89c8-eab12bc88280",
            "b6d65e55-875c-4d29-9f67-5cdeac30d36d",
            "94e71a00-c546-41fd-97a7-a6539806b488",
            "8ecddadf-acb1-4e0d-b372-73d6ef082e96",
            "fdf247da-b4fb-4b82-b96b-ef9c7d11c0f9",
            "8dc782fe-062a-4146-b0c2-b3ad827d76e0",
            "6a5925c0-f639-4961-9bb6-fae3db143f13",
            "e792fe1c-36d0-48ca-a2cb-2e9c6a4e4518",
            "f8bb9595-91e1-4f77-91c9-48d58f62a3e2",
            "9a23e48d-4ca3-4ad7-978b-23df53cdd951",
            "452bf923-6e23-46d0-b302-bea07bb7e4b8",
            "3ed633f3-f80d-4df3-ae40-f102c1e3d3aa",
            "6af515b7-7ae4-47a1-8cc5-def71c41a008",
            "9694e3bd-3023-4a15-b788-7ead2bfce174",
            "6396cf5a-ba09-4fd5-a4b3-2dad68f7e8ab",
            "943a6ce0-e0f2-4849-8305-54b8febc9ecb",
            "5a69c9bb-a520-4ec8-bba9-b72b30c75ed2",
            "a00c4674-d508-4d62-9911-746d342f4ce2",
            "07901ff4-e8b4-42bc-a054-50aaf4c2895e",
            "2b8362e2-da30-4849-8947-76bd90dc29c1",
            "7e680ac6-1370-4218-836d-4fa09de4a7cd",
            "7e10fc12-450b-40cf-b945-34f003c66e9a",
            "2c051e87-3822-43b1-b52a-e92500e3a3cb",
            "ae95bc16-9a3a-435d-a6db-8af8e8a40927"
          ],
          "failures": [],
          "pending": [],
          "skipped": [],
          "duration": 24083,
          "root": false,
          "rootEmpty": false,
          "_timeout": 2000
        }
      ],
      "passes": [],
      "failures": [],
      "pending": [],
      "skipped": [],
      "duration": 0,
      "root": true,
      "rootEmpty": true,
      "_timeout": 2000
    }
  ],
  "meta": {
    "mocha": {
      "version": "7.2.0"
    },
    "mochawesome": {
      "options": {
        "quiet": false,
        "reportFilename": "mochawesome",
        "saveHtml": false,
        "saveJson": true,
        "consoleReporter": "spec",
        "useInlineDiffs": false,
        "code": true
      },
      "version": "7.1.3"
    },
    "marge": {
      "options": {
        "reportDir": "cypress/reports/.jsons",
        "jsonDir": "cypress/reports",
        "embeddedScreenshots": false,
        "overwrite": false,
        "html": false,
        "json": true,
        "inline": true,
        "saveJson": true
      },
      "version": "6.2.0"
    }
  }
}