{
  "stats": {
    "suites": 1,
    "tests": 26,
    "passes": 26,
    "pending": 0,
    "failures": 0,
    "start": "2026-08-09T12:16:03.285Z",
    "end": "2026-08-09T12:16:36.940Z",
    "duration": 33655,
    "testsRegistered": 26,
    "passPercent": 100,
    "pendingPercent": 0,
    "other": 0,
    "hasOther": false,
    "skipped": 0,
    "hasSkipped": false
  },
  "results": [
    {
      "uuid": "2025da72-7fe8-4710-a3db-cd58960a28fd",
      "title": "",
      "fullFile": "cypress/e2e/01-mfi-admin/01-mis/09-amount-based-loan-proposal-approval/amount-based-loan.cy.js",
      "file": "cypress/e2e/01-mfi-admin/01-mis/09-amount-based-loan-proposal-approval/amount-based-loan.cy.js",
      "beforeHooks": [],
      "afterHooks": [],
      "tests": [],
      "suites": [
        {
          "uuid": "0a615b93-376f-44d9-abd2-3d01f9fb5a2e",
          "title": "09. Amount Based Loan Proposal Approval Module Test Cases",
          "fullFile": "",
          "file": "",
          "beforeHooks": [],
          "afterHooks": [],
          "tests": [
            {
              "title": "09.01. Verify that the amount based loan proposal approval list page loads successfully without any errors.",
              "fullTitle": "09. Amount Based Loan Proposal Approval Module Test Cases 09.01. Verify that the amount based loan proposal approval list page loads successfully without any errors.",
              "timedOut": null,
              "duration": 5922,
              "state": "passed",
              "speed": "medium",
              "pass": true,
              "fail": false,
              "pending": false,
              "context": null,
              "code": "_amountBasedLoanPo.create_amount_based_loan.gridAmountBasedLoanListPage();",
              "err": {},
              "uuid": "6e6a877e-3a80-4e28-9f0a-c056747b2d71",
              "parentUUID": "0a615b93-376f-44d9-abd2-3d01f9fb5a2e",
              "isHook": false,
              "skipped": false
            },
            {
              "title": "09.02. Verify that a new amount based loan proposal approval record is created successfully when all required fields are filled with valid data.",
              "fullTitle": "09. Amount Based Loan Proposal Approval Module Test Cases 09.02. Verify that a new amount based loan proposal approval record is created successfully when all required fields are filled with valid data.",
              "timedOut": null,
              "duration": 1837,
              "state": "passed",
              "speed": "fast",
              "pass": true,
              "fail": false,
              "pending": false,
              "context": null,
              "code": "_amountBasedLoanPo.create_amount_based_loan.createAmountBasedLoanProposal();",
              "err": {},
              "uuid": "52e21e03-018d-4464-8351-0b8897bee72e",
              "parentUUID": "0a615b93-376f-44d9-abd2-3d01f9fb5a2e",
              "isHook": false,
              "skipped": false
            },
            {
              "title": "09.03. Verify that an amount based loan proposal approval record cannot be created without selecting an office type, even when all other fields contain valid data.",
              "fullTitle": "09. Amount Based Loan Proposal Approval Module Test Cases 09.03. Verify that an amount based loan proposal approval record cannot be created without selecting an office type, even when all other fields contain valid data.",
              "timedOut": null,
              "duration": 1860,
              "state": "passed",
              "speed": "fast",
              "pass": true,
              "fail": false,
              "pending": false,
              "context": null,
              "code": "_amountBasedLoanPo.create_amount_based_loan.createWithoutOfficeTypeId();",
              "err": {},
              "uuid": "096db9e6-2c8b-403d-a06a-ce7ab73ee5c8",
              "parentUUID": "0a615b93-376f-44d9-abd2-3d01f9fb5a2e",
              "isHook": false,
              "skipped": false
            },
            {
              "title": "09.04. Verify that an amount based loan proposal approval record cannot be created without selecting a role, even when all other fields contain valid data.",
              "fullTitle": "09. Amount Based Loan Proposal Approval Module Test Cases 09.04. Verify that an amount based loan proposal approval record cannot be created without selecting a role, even when all other fields contain valid data.",
              "timedOut": null,
              "duration": 1748,
              "state": "passed",
              "speed": "fast",
              "pass": true,
              "fail": false,
              "pending": false,
              "context": null,
              "code": "_amountBasedLoanPo.create_amount_based_loan.createWithoutRole();",
              "err": {},
              "uuid": "fe3ea75c-5dcc-4003-bf73-985d38d6ea93",
              "parentUUID": "0a615b93-376f-44d9-abd2-3d01f9fb5a2e",
              "isHook": false,
              "skipped": false
            },
            {
              "title": "09.05. Verify that an amount based loan proposal approval record cannot be created without entering a minimum loan amount, even when all other fields contain valid data.",
              "fullTitle": "09. Amount Based Loan Proposal Approval Module Test Cases 09.05. Verify that an amount based loan proposal approval record cannot be created without entering a minimum loan amount, even when all other fields contain valid data.",
              "timedOut": null,
              "duration": 1998,
              "state": "passed",
              "speed": "fast",
              "pass": true,
              "fail": false,
              "pending": false,
              "context": null,
              "code": "_amountBasedLoanPo.create_amount_based_loan.createWithoutMiniLoanAmount();",
              "err": {},
              "uuid": "9c240a2e-777d-420a-a3eb-43da498bff34",
              "parentUUID": "0a615b93-376f-44d9-abd2-3d01f9fb5a2e",
              "isHook": false,
              "skipped": false
            },
            {
              "title": "09.06. Verify that an amount based loan proposal approval record cannot be created without entering a maximum loan amount, even when all other fields contain valid data.",
              "fullTitle": "09. Amount Based Loan Proposal Approval Module Test Cases 09.06. Verify that an amount based loan proposal approval record cannot be created without entering a maximum loan amount, even when all other fields contain valid data.",
              "timedOut": null,
              "duration": 1989,
              "state": "passed",
              "speed": "fast",
              "pass": true,
              "fail": false,
              "pending": false,
              "context": null,
              "code": "_amountBasedLoanPo.create_amount_based_loan.createWithoutMaxiLoanAmount();",
              "err": {},
              "uuid": "be404324-1e34-4747-80f9-2c40f56f9138",
              "parentUUID": "0a615b93-376f-44d9-abd2-3d01f9fb5a2e",
              "isHook": false,
              "skipped": false
            },
            {
              "title": "09.07. Verify that an amount based loan proposal approval record cannot be created without entering remarks, even when all other fields contain valid data.",
              "fullTitle": "09. Amount Based Loan Proposal Approval Module Test Cases 09.07. Verify that an amount based loan proposal approval record cannot be created without entering remarks, even when all other fields contain valid data.",
              "timedOut": null,
              "duration": 1588,
              "state": "passed",
              "speed": "fast",
              "pass": true,
              "fail": false,
              "pending": false,
              "context": null,
              "code": "_amountBasedLoanPo.create_amount_based_loan.createWithoutRemarks();",
              "err": {},
              "uuid": "6b7db4ef-0d0b-4820-8d35-b2cc685238f0",
              "parentUUID": "0a615b93-376f-44d9-abd2-3d01f9fb5a2e",
              "isHook": false,
              "skipped": false
            },
            {
              "title": "09.08. Verify that an amount based loan proposal approval record cannot be created without selecting a status, even when all other fields contain valid data.",
              "fullTitle": "09. Amount Based Loan Proposal Approval Module Test Cases 09.08. Verify that an amount based loan proposal approval record cannot be created without selecting a status, even when all other fields contain valid data.",
              "timedOut": null,
              "duration": 2344,
              "state": "passed",
              "speed": "fast",
              "pass": true,
              "fail": false,
              "pending": false,
              "context": null,
              "code": "_amountBasedLoanPo.create_amount_based_loan.createWithoutStatus();",
              "err": {},
              "uuid": "0a7aca06-3c2d-420f-be16-a72ce6d34009",
              "parentUUID": "0a615b93-376f-44d9-abd2-3d01f9fb5a2e",
              "isHook": false,
              "skipped": false
            },
            {
              "title": "09.09. Verify that the action button performs the expected action successfully when clicked.",
              "fullTitle": "09. Amount Based Loan Proposal Approval Module Test Cases 09.09. Verify that the action button performs the expected action successfully when clicked.",
              "timedOut": null,
              "duration": 338,
              "state": "passed",
              "speed": "fast",
              "pass": true,
              "fail": false,
              "pending": false,
              "context": null,
              "code": "_amountBasedLoanPo.create_amount_based_loan.actionButtonCheck();",
              "err": {},
              "uuid": "a18c853b-9886-4739-a9dd-8954cd56b216",
              "parentUUID": "0a615b93-376f-44d9-abd2-3d01f9fb5a2e",
              "isHook": false,
              "skipped": false
            },
            {
              "title": "09.10. Verify that the user can view all relevant details of an amount based loan proposal approval record, including its associated information.",
              "fullTitle": "09. Amount Based Loan Proposal Approval Module Test Cases 09.10. Verify that the user can view all relevant details of an amount based loan proposal approval record, including its associated information.",
              "timedOut": null,
              "duration": 554,
              "state": "passed",
              "speed": "fast",
              "pass": true,
              "fail": false,
              "pending": false,
              "context": null,
              "code": "_amountBasedLoanPo.create_amount_based_loan.viewAmountBasedLoanProposal();",
              "err": {},
              "uuid": "3de3c661-ac6f-499a-8428-ad68d66a43a1",
              "parentUUID": "0a615b93-376f-44d9-abd2-3d01f9fb5a2e",
              "isHook": false,
              "skipped": false
            },
            {
              "title": "09.11. Verify that clicking the Go Back button on the amount based loan proposal approval view page redirects the user to the amount based loan proposal approval list page.",
              "fullTitle": "09. Amount Based Loan Proposal Approval Module Test Cases 09.11. Verify that clicking the Go Back button on the amount based loan proposal approval view page redirects the user to the amount based loan proposal approval list page.",
              "timedOut": null,
              "duration": 414,
              "state": "passed",
              "speed": "fast",
              "pass": true,
              "fail": false,
              "pending": false,
              "context": null,
              "code": "_amountBasedLoanPo.create_amount_based_loan.viewGoBackButton();",
              "err": {},
              "uuid": "2733d293-d564-4cc8-9b28-eb41f77006e8",
              "parentUUID": "0a615b93-376f-44d9-abd2-3d01f9fb5a2e",
              "isHook": false,
              "skipped": false
            },
            {
              "title": "09.12. Verify that edit mode on the amount based loan proposal approval form can be toggled on and off, and all fields return to view-only mode when disabled.",
              "fullTitle": "09. Amount Based Loan Proposal Approval Module Test Cases 09.12. Verify that edit mode on the amount based loan proposal approval form can be toggled on and off, and all fields return to view-only mode when disabled.",
              "timedOut": null,
              "duration": 997,
              "state": "passed",
              "speed": "fast",
              "pass": true,
              "fail": false,
              "pending": false,
              "context": null,
              "code": "_amountBasedLoanPo.create_amount_based_loan.turnOffEditMode();",
              "err": {},
              "uuid": "33ac842c-8c0b-46f3-83a0-2d4c65e0a9d9",
              "parentUUID": "0a615b93-376f-44d9-abd2-3d01f9fb5a2e",
              "isHook": false,
              "skipped": false
            },
            {
              "title": "09.13. Verify that the amount based loan proposal approval details can be edited successfully.",
              "fullTitle": "09. Amount Based Loan Proposal Approval Module Test Cases 09.13. Verify that the amount based loan proposal approval details can be edited successfully.",
              "timedOut": null,
              "duration": 1331,
              "state": "passed",
              "speed": "fast",
              "pass": true,
              "fail": false,
              "pending": false,
              "context": null,
              "code": "_amountBasedLoanPo.create_amount_based_loan.editAmountBasedLoanProposal();",
              "err": {},
              "uuid": "6e9012d3-5ecc-458b-909a-cb9486935adb",
              "parentUUID": "0a615b93-376f-44d9-abd2-3d01f9fb5a2e",
              "isHook": false,
              "skipped": false
            },
            {
              "title": "09.14. Verify that the Reset button on the amount based loan proposal approval edit page clears all modified values correctly.",
              "fullTitle": "09. Amount Based Loan Proposal Approval Module Test Cases 09.14. Verify that the Reset button on the amount based loan proposal approval edit page clears all modified values correctly.",
              "timedOut": null,
              "duration": 1050,
              "state": "passed",
              "speed": "fast",
              "pass": true,
              "fail": false,
              "pending": false,
              "context": null,
              "code": "_amountBasedLoanPo.create_amount_based_loan.editResetButton();",
              "err": {},
              "uuid": "3e8362cb-6fbd-4be0-b842-c8e499efe7df",
              "parentUUID": "0a615b93-376f-44d9-abd2-3d01f9fb5a2e",
              "isHook": false,
              "skipped": false
            },
            {
              "title": "09.15. Verify that the Submit button on the amount based loan proposal approval edit page updates the data successfully.",
              "fullTitle": "09. Amount Based Loan Proposal Approval Module Test Cases 09.15. Verify that the Submit button on the amount based loan proposal approval edit page updates the data successfully.",
              "timedOut": null,
              "duration": 2585,
              "state": "passed",
              "speed": "fast",
              "pass": true,
              "fail": false,
              "pending": false,
              "context": null,
              "code": "_amountBasedLoanPo.create_amount_based_loan.editSubmitButton();",
              "err": {},
              "uuid": "8f2067ef-084f-4483-8206-3984a40a7331",
              "parentUUID": "0a615b93-376f-44d9-abd2-3d01f9fb5a2e",
              "isHook": false,
              "skipped": false
            },
            {
              "title": "09.16. Verify that clicking the Go Back button on the amount based loan proposal approval edit page redirects the user to the amount based loan proposal approval list page.",
              "fullTitle": "09. Amount Based Loan Proposal Approval Module Test Cases 09.16. Verify that clicking the Go Back button on the amount based loan proposal approval edit page redirects the user to the amount based loan proposal approval list page.",
              "timedOut": null,
              "duration": 930,
              "state": "passed",
              "speed": "fast",
              "pass": true,
              "fail": false,
              "pending": false,
              "context": null,
              "code": "_amountBasedLoanPo.create_amount_based_loan.editGoBackButton();",
              "err": {},
              "uuid": "40fe11a0-fa30-4ca1-a4a6-efe626d9edcc",
              "parentUUID": "0a615b93-376f-44d9-abd2-3d01f9fb5a2e",
              "isHook": false,
              "skipped": false
            },
            {
              "title": "09.17. Verify that inactive amount based loan proposal approval records can be filtered correctly using the status dropdown on the list page.",
              "fullTitle": "09. Amount Based Loan Proposal Approval Module Test Cases 09.17. Verify that inactive amount based loan proposal approval records can be filtered correctly using the status dropdown on the list page.",
              "timedOut": null,
              "duration": 827,
              "state": "passed",
              "speed": "fast",
              "pass": true,
              "fail": false,
              "pending": false,
              "context": null,
              "code": "_amountBasedLoanPo.create_amount_based_loan.statusInactiveDropdownCheck();",
              "err": {},
              "uuid": "2b716a6b-3d14-4629-9617-516ec735db57",
              "parentUUID": "0a615b93-376f-44d9-abd2-3d01f9fb5a2e",
              "isHook": false,
              "skipped": false
            },
            {
              "title": "09.18. Verify that active amount based loan proposal approval records are filtered correctly using the status dropdown on the list page.",
              "fullTitle": "09. Amount Based Loan Proposal Approval Module Test Cases 09.18. Verify that active amount based loan proposal approval records are filtered correctly using the status dropdown on the list page.",
              "timedOut": null,
              "duration": 357,
              "state": "passed",
              "speed": "fast",
              "pass": true,
              "fail": false,
              "pending": false,
              "context": null,
              "code": "_amountBasedLoanPo.create_amount_based_loan.statusActiveDropdownCheck();",
              "err": {},
              "uuid": "25e3c2cb-015d-410d-8b99-a11d1cadc761",
              "parentUUID": "0a615b93-376f-44d9-abd2-3d01f9fb5a2e",
              "isHook": false,
              "skipped": false
            },
            {
              "title": "09.19. Verify that the search functionality returns correct results when searching by amount based loan proposal approval name.",
              "fullTitle": "09. Amount Based Loan Proposal Approval Module Test Cases 09.19. Verify that the search functionality returns correct results when searching by amount based loan proposal approval name.",
              "timedOut": null,
              "duration": 494,
              "state": "passed",
              "speed": "fast",
              "pass": true,
              "fail": false,
              "pending": false,
              "context": null,
              "code": "_amountBasedLoanPo.create_amount_based_loan.searchInRoleName();",
              "err": {},
              "uuid": "ef7674d1-62c6-433a-ae78-8c2a1fcaabe4",
              "parentUUID": "0a615b93-376f-44d9-abd2-3d01f9fb5a2e",
              "isHook": false,
              "skipped": false
            },
            {
              "title": "09.20. Verify that the grid list is reset successfully when the Reset button is clicked on the amount based loan proposal approval page.",
              "fullTitle": "09. Amount Based Loan Proposal Approval Module Test Cases 09.20. Verify that the grid list is reset successfully when the Reset button is clicked on the amount based loan proposal approval page.",
              "timedOut": null,
              "duration": 112,
              "state": "passed",
              "speed": "fast",
              "pass": true,
              "fail": false,
              "pending": false,
              "context": null,
              "code": "_amountBasedLoanPo.create_amount_based_loan.gridResetButtonCheck();",
              "err": {},
              "uuid": "030e44fb-cb8d-4d1a-8286-45ce9103d04c",
              "parentUUID": "0a615b93-376f-44d9-abd2-3d01f9fb5a2e",
              "isHook": false,
              "skipped": false
            },
            {
              "title": "09.21. Verify that the grid list is refreshed successfully when the Refresh button is clicked on the amount based loan proposal approval page.",
              "fullTitle": "09. Amount Based Loan Proposal Approval Module Test Cases 09.21. Verify that the grid list is refreshed successfully when the Refresh button is clicked on the amount based loan proposal approval page.",
              "timedOut": null,
              "duration": 105,
              "state": "passed",
              "speed": "fast",
              "pass": true,
              "fail": false,
              "pending": false,
              "context": null,
              "code": "_amountBasedLoanPo.create_amount_based_loan.gridRefreshButtonCheck();",
              "err": {},
              "uuid": "a8a2ad17-c8ee-4885-9813-394cdb33bc46",
              "parentUUID": "0a615b93-376f-44d9-abd2-3d01f9fb5a2e",
              "isHook": false,
              "skipped": false
            },
            {
              "title": "09.22. Verify that the Reset button on the amount based loan proposal approval creation page clears all entered input values.",
              "fullTitle": "09. Amount Based Loan Proposal Approval Module Test Cases 09.22. Verify that the Reset button on the amount based loan proposal approval creation page clears all entered input values.",
              "timedOut": null,
              "duration": 922,
              "state": "passed",
              "speed": "fast",
              "pass": true,
              "fail": false,
              "pending": false,
              "context": null,
              "code": "_amountBasedLoanPo.create_amount_based_loan.createResetButtonCheck();",
              "err": {},
              "uuid": "d4abf92a-a36f-48c6-8604-a662bc8199ea",
              "parentUUID": "0a615b93-376f-44d9-abd2-3d01f9fb5a2e",
              "isHook": false,
              "skipped": false
            },
            {
              "title": "09.23. Verify that validation messages are displayed for all required fields when the Submit button is clicked with empty inputs.",
              "fullTitle": "09. Amount Based Loan Proposal Approval Module Test Cases 09.23. Verify that validation messages are displayed for all required fields when the Submit button is clicked with empty inputs.",
              "timedOut": null,
              "duration": 924,
              "state": "passed",
              "speed": "fast",
              "pass": true,
              "fail": false,
              "pending": false,
              "context": null,
              "code": "_amountBasedLoanPo.create_amount_based_loan.createValidationMessageCheck();",
              "err": {},
              "uuid": "6f9c676d-44f9-4267-af39-256993df4cd9",
              "parentUUID": "0a615b93-376f-44d9-abd2-3d01f9fb5a2e",
              "isHook": false,
              "skipped": false
            },
            {
              "title": "09.24. Verify that clicking the Go Back button on the amount based loan proposal approval creation page redirects the user to the amount based loan proposal approval list page.",
              "fullTitle": "09. Amount Based Loan Proposal Approval Module Test Cases 09.24. Verify that clicking the Go Back button on the amount based loan proposal approval creation page redirects the user to the amount based loan proposal approval list page.",
              "timedOut": null,
              "duration": 432,
              "state": "passed",
              "speed": "fast",
              "pass": true,
              "fail": false,
              "pending": false,
              "context": null,
              "code": "_amountBasedLoanPo.create_amount_based_loan.createGoBackButtonCheck();",
              "err": {},
              "uuid": "82966f5f-8238-484e-b756-11b4422b24e7",
              "parentUUID": "0a615b93-376f-44d9-abd2-3d01f9fb5a2e",
              "isHook": false,
              "skipped": false
            },
            {
              "title": "09.25. Verify that clicking the Search button on the amount based loan proposal approval grid page displays the correct filtered results.",
              "fullTitle": "09. Amount Based Loan Proposal Approval Module Test Cases 09.25. Verify that clicking the Search button on the amount based loan proposal approval grid page displays the correct filtered results.",
              "timedOut": null,
              "duration": 652,
              "state": "passed",
              "speed": "fast",
              "pass": true,
              "fail": false,
              "pending": false,
              "context": null,
              "code": "_amountBasedLoanPo.create_amount_based_loan.gridSearchButtonCheck();",
              "err": {},
              "uuid": "586c9168-380c-4a7d-9b50-cb4228851e64",
              "parentUUID": "0a615b93-376f-44d9-abd2-3d01f9fb5a2e",
              "isHook": false,
              "skipped": false
            },
            {
              "title": "09.26. Verify that the grid list content updates correctly when switching the language from English to Bangla.",
              "fullTitle": "09. Amount Based Loan Proposal Approval Module Test Cases 09.26. Verify that the grid list content updates correctly when switching the language from English to Bangla.",
              "timedOut": null,
              "duration": 171,
              "state": "passed",
              "speed": "fast",
              "pass": true,
              "fail": false,
              "pending": false,
              "context": null,
              "code": "_amountBasedLoanPo.create_amount_based_loan.gridLanguageSwitchCheck();",
              "err": {},
              "uuid": "1d81b4b5-0a1b-4299-8c9a-b6988d21e958",
              "parentUUID": "0a615b93-376f-44d9-abd2-3d01f9fb5a2e",
              "isHook": false,
              "skipped": false
            }
          ],
          "suites": [],
          "passes": [
            "6e6a877e-3a80-4e28-9f0a-c056747b2d71",
            "52e21e03-018d-4464-8351-0b8897bee72e",
            "096db9e6-2c8b-403d-a06a-ce7ab73ee5c8",
            "fe3ea75c-5dcc-4003-bf73-985d38d6ea93",
            "9c240a2e-777d-420a-a3eb-43da498bff34",
            "be404324-1e34-4747-80f9-2c40f56f9138",
            "6b7db4ef-0d0b-4820-8d35-b2cc685238f0",
            "0a7aca06-3c2d-420f-be16-a72ce6d34009",
            "a18c853b-9886-4739-a9dd-8954cd56b216",
            "3de3c661-ac6f-499a-8428-ad68d66a43a1",
            "2733d293-d564-4cc8-9b28-eb41f77006e8",
            "33ac842c-8c0b-46f3-83a0-2d4c65e0a9d9",
            "6e9012d3-5ecc-458b-909a-cb9486935adb",
            "3e8362cb-6fbd-4be0-b842-c8e499efe7df",
            "8f2067ef-084f-4483-8206-3984a40a7331",
            "40fe11a0-fa30-4ca1-a4a6-efe626d9edcc",
            "2b716a6b-3d14-4629-9617-516ec735db57",
            "25e3c2cb-015d-410d-8b99-a11d1cadc761",
            "ef7674d1-62c6-433a-ae78-8c2a1fcaabe4",
            "030e44fb-cb8d-4d1a-8286-45ce9103d04c",
            "a8a2ad17-c8ee-4885-9813-394cdb33bc46",
            "d4abf92a-a36f-48c6-8604-a662bc8199ea",
            "6f9c676d-44f9-4267-af39-256993df4cd9",
            "82966f5f-8238-484e-b756-11b4422b24e7",
            "586c9168-380c-4a7d-9b50-cb4228851e64",
            "1d81b4b5-0a1b-4299-8c9a-b6988d21e958"
          ],
          "failures": [],
          "pending": [],
          "skipped": [],
          "duration": 32481,
          "root": false,
          "rootEmpty": false,
          "_timeout": 2000
        }
      ],
      "passes": [],
      "failures": [],
      "pending": [],
      "skipped": [],
      "duration": 0,
      "root": true,
      "rootEmpty": true,
      "_timeout": 2000
    }
  ],
  "meta": {
    "mocha": {
      "version": "7.2.0"
    },
    "mochawesome": {
      "options": {
        "quiet": false,
        "reportFilename": "mochawesome",
        "saveHtml": false,
        "saveJson": true,
        "consoleReporter": "spec",
        "useInlineDiffs": false,
        "code": true
      },
      "version": "7.1.3"
    },
    "marge": {
      "options": {
        "reportDir": "cypress/reports/.jsons",
        "jsonDir": "cypress/reports",
        "embeddedScreenshots": false,
        "overwrite": false,
        "html": false,
        "json": true,
        "inline": true,
        "saveJson": true
      },
      "version": "6.2.0"
    }
  }
}