{
  "stats": {
    "suites": 1,
    "tests": 26,
    "passes": 26,
    "pending": 0,
    "failures": 0,
    "start": "2026-08-09T12:17:34.114Z",
    "end": "2026-08-09T12:18:08.729Z",
    "duration": 34615,
    "testsRegistered": 26,
    "passPercent": 100,
    "pendingPercent": 0,
    "other": 0,
    "hasOther": false,
    "skipped": 0,
    "hasSkipped": false
  },
  "results": [
    {
      "uuid": "2952dcc1-199b-4d9b-bac8-64a9b9e8e072",
      "title": "",
      "fullFile": "cypress/e2e/01-mfi-admin/01-mis/12-mfi-program/mfi-program.cy.js",
      "file": "cypress/e2e/01-mfi-admin/01-mis/12-mfi-program/mfi-program.cy.js",
      "beforeHooks": [],
      "afterHooks": [],
      "tests": [],
      "suites": [
        {
          "uuid": "80ccdaf6-b499-4687-b0c5-01a8c6ec104e",
          "title": "12. MFI program Module Test Cases",
          "fullFile": "",
          "file": "",
          "beforeHooks": [],
          "afterHooks": [],
          "tests": [
            {
              "title": "12.01. Verify the mfi program list page loads without errors.",
              "fullTitle": "12. MFI program Module Test Cases 12.01. Verify the mfi program list page loads without errors.",
              "timedOut": null,
              "duration": 5731,
              "state": "passed",
              "speed": "medium",
              "pass": true,
              "fail": false,
              "pending": false,
              "context": null,
              "code": "_mfiProgram.create_mfi_program.gridMfiProgramListPage();",
              "err": {},
              "uuid": "2c70d242-ff7b-4e91-84ee-299ee1aa7286",
              "parentUUID": "80ccdaf6-b499-4687-b0c5-01a8c6ec104e",
              "isHook": false,
              "skipped": false
            },
            {
              "title": "12.02. Verify a new mfi program is created successfully when all required fields are filled with valid data.",
              "fullTitle": "12. MFI program Module Test Cases 12.02. Verify a new mfi program is created successfully when all required fields are filled with valid data.",
              "timedOut": null,
              "duration": 2562,
              "state": "passed",
              "speed": "fast",
              "pass": true,
              "fail": false,
              "pending": false,
              "context": null,
              "code": "_mfiProgram.create_mfi_program.createMfiProgram();",
              "err": {},
              "uuid": "4f91ec00-7e71-4b8f-a7d7-f6726907f727",
              "parentUUID": "80ccdaf6-b499-4687-b0c5-01a8c6ec104e",
              "isHook": false,
              "skipped": false
            },
            {
              "title": "12.03. Verify that a mfi program cannot be created without a mfi program name english, even if all other fields are valid.",
              "fullTitle": "12. MFI program Module Test Cases 12.03. Verify that a mfi program cannot be created without a mfi program name english, even if all other fields are valid.",
              "timedOut": null,
              "duration": 2387,
              "state": "passed",
              "speed": "fast",
              "pass": true,
              "fail": false,
              "pending": false,
              "context": null,
              "code": "_mfiProgram.create_mfi_program.createWithoutNameEn();",
              "err": {},
              "uuid": "95904274-ceda-4d4c-b73e-e41cf189ef28",
              "parentUUID": "80ccdaf6-b499-4687-b0c5-01a8c6ec104e",
              "isHook": false,
              "skipped": false
            },
            {
              "title": "12.04. Verify that a mfi program cannot be created without a mfi program name bangla, even if all other fields are valid.",
              "fullTitle": "12. MFI program Module Test Cases 12.04. Verify that a mfi program cannot be created without a mfi program name bangla, even if all other fields are valid.",
              "timedOut": null,
              "duration": 2373,
              "state": "passed",
              "speed": "fast",
              "pass": true,
              "fail": false,
              "pending": false,
              "context": null,
              "code": "_mfiProgram.create_mfi_program.createWithoutNameBn();",
              "err": {},
              "uuid": "c5dcac04-ae78-4247-b75a-b7a295ff1389",
              "parentUUID": "80ccdaf6-b499-4687-b0c5-01a8c6ec104e",
              "isHook": false,
              "skipped": false
            },
            {
              "title": "12.05. Verify that a mfi program cannot be created without a short name, even if all other fields are valid.",
              "fullTitle": "12. MFI program Module Test Cases 12.05. Verify that a mfi program cannot be created without a short name, even if all other fields are valid.",
              "timedOut": null,
              "duration": 2366,
              "state": "passed",
              "speed": "fast",
              "pass": true,
              "fail": false,
              "pending": false,
              "context": null,
              "code": "_mfiProgram.create_mfi_program.createWithoutShortName();",
              "err": {},
              "uuid": "a51c0d3c-ef9b-456a-8389-b1415af391cd",
              "parentUUID": "80ccdaf6-b499-4687-b0c5-01a8c6ec104e",
              "isHook": false,
              "skipped": false
            },
            {
              "title": "12.06. Verify that a mfi program cannot be created without a funding category, even if all other fields are valid.",
              "fullTitle": "12. MFI program Module Test Cases 12.06. Verify that a mfi program cannot be created without a funding category, even if all other fields are valid.",
              "timedOut": null,
              "duration": 1918,
              "state": "passed",
              "speed": "fast",
              "pass": true,
              "fail": false,
              "pending": false,
              "context": null,
              "code": "_mfiProgram.create_mfi_program.createWithoutFundingCategory();",
              "err": {},
              "uuid": "2ecba125-15ef-4f34-9245-60b2574817d1",
              "parentUUID": "80ccdaf6-b499-4687-b0c5-01a8c6ec104e",
              "isHook": false,
              "skipped": false
            },
            {
              "title": "12.07. Verify that a mfi program cannot be created without a loan fund, even if all other fields are valid.",
              "fullTitle": "12. MFI program Module Test Cases 12.07. Verify that a mfi program cannot be created without a loan fund, even if all other fields are valid.",
              "timedOut": null,
              "duration": 1933,
              "state": "passed",
              "speed": "fast",
              "pass": true,
              "fail": false,
              "pending": false,
              "context": null,
              "code": "_mfiProgram.create_mfi_program.createWithoutLoanFund();",
              "err": {},
              "uuid": "b9fc4ae9-9a78-4100-a56f-0ab17a4bc9ba",
              "parentUUID": "80ccdaf6-b499-4687-b0c5-01a8c6ec104e",
              "isHook": false,
              "skipped": false
            },
            {
              "title": "12.08. Verify that a mfi program cannot be created without status, even if all other fields are valid.",
              "fullTitle": "12. MFI program Module Test Cases 12.08. Verify that a mfi program cannot be created without status, even if all other fields are valid.",
              "timedOut": null,
              "duration": 2533,
              "state": "passed",
              "speed": "fast",
              "pass": true,
              "fail": false,
              "pending": false,
              "context": null,
              "code": "_mfiProgram.create_mfi_program.createWithoutStatus();",
              "err": {},
              "uuid": "512e4ea9-9b67-4d70-b56b-fe870b00c3c3",
              "parentUUID": "80ccdaf6-b499-4687-b0c5-01a8c6ec104e",
              "isHook": false,
              "skipped": false
            },
            {
              "title": "12.09. Verify successfully performs the action when the action button is clicked.",
              "fullTitle": "12. MFI program Module Test Cases 12.09. Verify successfully performs the action when the action button is clicked.",
              "timedOut": null,
              "duration": 355,
              "state": "passed",
              "speed": "fast",
              "pass": true,
              "fail": false,
              "pending": false,
              "context": null,
              "code": "_mfiProgram.create_mfi_program.actionButtonCheck();",
              "err": {},
              "uuid": "48401c6e-3c85-45c9-aec4-baa043f93a82",
              "parentUUID": "80ccdaf6-b499-4687-b0c5-01a8c6ec104e",
              "isHook": false,
              "skipped": false
            },
            {
              "title": "12.10. Verify the user can view all relevant details of a mfi program, including its associated fields.",
              "fullTitle": "12. MFI program Module Test Cases 12.10. Verify the user can view all relevant details of a mfi program, including its associated fields.",
              "timedOut": null,
              "duration": 182,
              "state": "passed",
              "speed": "fast",
              "pass": true,
              "fail": false,
              "pending": false,
              "context": null,
              "code": "_mfiProgram.create_mfi_program.viewMfiProgram();",
              "err": {},
              "uuid": "fb3015ce-1c58-42cc-928a-b9b95efdbaff",
              "parentUUID": "80ccdaf6-b499-4687-b0c5-01a8c6ec104e",
              "isHook": false,
              "skipped": false
            },
            {
              "title": "12.11. Verify that clicking the go back button on the mfi program view page redirects the user to the mfi program list page.",
              "fullTitle": "12. MFI program Module Test Cases 12.11. Verify that clicking the go back button on the mfi program view page redirects the user to the mfi program list page.",
              "timedOut": null,
              "duration": 388,
              "state": "passed",
              "speed": "fast",
              "pass": true,
              "fail": false,
              "pending": false,
              "context": null,
              "code": "_mfiProgram.create_mfi_program.viewGoBackButton();",
              "err": {},
              "uuid": "c053a538-17e0-4eff-abbd-bc0b9b30a9ad",
              "parentUUID": "80ccdaf6-b499-4687-b0c5-01a8c6ec104e",
              "isHook": false,
              "skipped": false
            },
            {
              "title": "12.12. Verify that the mfi program forms edit mode can be toggled on and off all fields should be disabled or return to view-only mode.",
              "fullTitle": "12. MFI program Module Test Cases 12.12. Verify that the mfi program forms edit mode can be toggled on and off all fields should be disabled or return to view-only mode.",
              "timedOut": null,
              "duration": 1073,
              "state": "passed",
              "speed": "fast",
              "pass": true,
              "fail": false,
              "pending": false,
              "context": null,
              "code": "_mfiProgram.create_mfi_program.turnOffEditMode();",
              "err": {},
              "uuid": "91054d11-9d4c-4838-9519-5a36a52643c0",
              "parentUUID": "80ccdaf6-b499-4687-b0c5-01a8c6ec104e",
              "isHook": false,
              "skipped": false
            },
            {
              "title": "12.13. Verify the mfi program name and description can be edited successfully.",
              "fullTitle": "12. MFI program Module Test Cases 12.13. Verify the mfi program name and description can be edited successfully.",
              "timedOut": null,
              "duration": 1313,
              "state": "passed",
              "speed": "fast",
              "pass": true,
              "fail": false,
              "pending": false,
              "context": null,
              "code": "_mfiProgram.create_mfi_program.editMfiProgram();",
              "err": {},
              "uuid": "201362e6-4534-47ca-b335-5dd44fa7fb54",
              "parentUUID": "80ccdaf6-b499-4687-b0c5-01a8c6ec104e",
              "isHook": false,
              "skipped": false
            },
            {
              "title": "12.14. Verify the mfi program edit reset button functions correctly.",
              "fullTitle": "12. MFI program Module Test Cases 12.14. Verify the mfi program edit reset button functions correctly.",
              "timedOut": null,
              "duration": 1152,
              "state": "passed",
              "speed": "fast",
              "pass": true,
              "fail": false,
              "pending": false,
              "context": null,
              "code": "_mfiProgram.create_mfi_program.editResetButton();",
              "err": {},
              "uuid": "6c703fa7-660a-4fa5-b89b-37551f8569cb",
              "parentUUID": "80ccdaf6-b499-4687-b0c5-01a8c6ec104e",
              "isHook": false,
              "skipped": false
            },
            {
              "title": "12.15. Verify the mfi program edit submit button functions correctly.",
              "fullTitle": "12. MFI program Module Test Cases 12.15. Verify the mfi program edit submit button functions correctly.",
              "timedOut": null,
              "duration": 1287,
              "state": "passed",
              "speed": "fast",
              "pass": true,
              "fail": false,
              "pending": false,
              "context": null,
              "code": "_mfiProgram.create_mfi_program.editSubmitButton();",
              "err": {},
              "uuid": "bfc5aaea-dd3a-4855-a101-15f10c1bf5f5",
              "parentUUID": "80ccdaf6-b499-4687-b0c5-01a8c6ec104e",
              "isHook": false,
              "skipped": false
            },
            {
              "title": "12.16. Verify that clicking the go back button on the mfi program edit page redirects the user to the mfi program list page.",
              "fullTitle": "12. MFI program Module Test Cases 12.16. Verify that clicking the go back button on the mfi program edit page redirects the user to the mfi program list page.",
              "timedOut": null,
              "duration": 930,
              "state": "passed",
              "speed": "fast",
              "pass": true,
              "fail": false,
              "pending": false,
              "context": null,
              "code": "_mfiProgram.create_mfi_program.editGoBackButton();",
              "err": {},
              "uuid": "7f26215c-dda8-4397-b874-898eaac87444",
              "parentUUID": "80ccdaf6-b499-4687-b0c5-01a8c6ec104e",
              "isHook": false,
              "skipped": false
            },
            {
              "title": "12.17. Verify the user can filter inactive mfi programs using the status dropdown on the mfi program list page.",
              "fullTitle": "12. MFI program Module Test Cases 12.17. Verify the user can filter inactive mfi programs using the status dropdown on the mfi program list page.",
              "timedOut": null,
              "duration": 749,
              "state": "passed",
              "speed": "fast",
              "pass": true,
              "fail": false,
              "pending": false,
              "context": null,
              "code": "_mfiProgram.create_mfi_program.statusInactiveDropdownCheck();",
              "err": {},
              "uuid": "6ee48329-7550-497a-a09e-70f4989dc517",
              "parentUUID": "80ccdaf6-b499-4687-b0c5-01a8c6ec104e",
              "isHook": false,
              "skipped": false
            },
            {
              "title": "12.18. Verify the active result is filtered correctly by the status dropdown.",
              "fullTitle": "12. MFI program Module Test Cases 12.18. Verify the active result is filtered correctly by the status dropdown.",
              "timedOut": null,
              "duration": 335,
              "state": "passed",
              "speed": "fast",
              "pass": true,
              "fail": false,
              "pending": false,
              "context": null,
              "code": "_mfiProgram.create_mfi_program.statusActiveDropdownCheck();",
              "err": {},
              "uuid": "9163b9b2-7604-462b-ad50-e50c5b10a414",
              "parentUUID": "80ccdaf6-b499-4687-b0c5-01a8c6ec104e",
              "isHook": false,
              "skipped": false
            },
            {
              "title": "12.19. Verify the search returns correct results when searching by mfi program name.",
              "fullTitle": "12. MFI program Module Test Cases 12.19. Verify the search returns correct results when searching by mfi program name.",
              "timedOut": null,
              "duration": 334,
              "state": "passed",
              "speed": "fast",
              "pass": true,
              "fail": false,
              "pending": false,
              "context": null,
              "code": "_mfiProgram.create_mfi_program.searchInMfiProgramName();",
              "err": {},
              "uuid": "47c09346-d5db-434b-a1fc-5db9c5900795",
              "parentUUID": "80ccdaf6-b499-4687-b0c5-01a8c6ec104e",
              "isHook": false,
              "skipped": false
            },
            {
              "title": "12.20. Verify the grid list resets successfully when the reset button is clicked on the mfi program page.",
              "fullTitle": "12. MFI program Module Test Cases 12.20. Verify the grid list resets successfully when the reset button is clicked on the mfi program page.",
              "timedOut": null,
              "duration": 102,
              "state": "passed",
              "speed": "fast",
              "pass": true,
              "fail": false,
              "pending": false,
              "context": null,
              "code": "_mfiProgram.create_mfi_program.gridResetButtonCheck();",
              "err": {},
              "uuid": "7629b5bb-07bb-49a9-bbf0-b3d2a1837d7a",
              "parentUUID": "80ccdaf6-b499-4687-b0c5-01a8c6ec104e",
              "isHook": false,
              "skipped": false
            },
            {
              "title": "12.21. Verify that the grid list is refreshed successfully when the refresh button is clicked on the mfi program page.",
              "fullTitle": "12. MFI program Module Test Cases 12.21. Verify that the grid list is refreshed successfully when the refresh button is clicked on the mfi program page.",
              "timedOut": null,
              "duration": 121,
              "state": "passed",
              "speed": "fast",
              "pass": true,
              "fail": false,
              "pending": false,
              "context": null,
              "code": "_mfiProgram.create_mfi_program.gridRefreshButtonCheck();",
              "err": {},
              "uuid": "79cf6cd0-2741-4ef4-9d94-a1839c856604",
              "parentUUID": "80ccdaf6-b499-4687-b0c5-01a8c6ec104e",
              "isHook": false,
              "skipped": false
            },
            {
              "title": "12.22. Verify the mfi program creation reset button clears all entered input values.",
              "fullTitle": "12. MFI program Module Test Cases 12.22. Verify the mfi program creation reset button clears all entered input values.",
              "timedOut": null,
              "duration": 764,
              "state": "passed",
              "speed": "fast",
              "pass": true,
              "fail": false,
              "pending": false,
              "context": null,
              "code": "_mfiProgram.create_mfi_program.createResetButtonCheck();",
              "err": {},
              "uuid": "3410c826-c38b-4abd-8e39-78fd5bf5237b",
              "parentUUID": "80ccdaf6-b499-4687-b0c5-01a8c6ec104e",
              "isHook": false,
              "skipped": false
            },
            {
              "title": "12.23. Verify validation messages appear for required fields when the submit button is clicked with empty inputs.",
              "fullTitle": "12. MFI program Module Test Cases 12.23. Verify validation messages appear for required fields when the submit button is clicked with empty inputs.",
              "timedOut": null,
              "duration": 1058,
              "state": "passed",
              "speed": "fast",
              "pass": true,
              "fail": false,
              "pending": false,
              "context": null,
              "code": "_mfiProgram.create_mfi_program.createValidationMessageCheck();",
              "err": {},
              "uuid": "1dcabe7c-f9e6-40e0-8bca-3314b714f5d6",
              "parentUUID": "80ccdaf6-b499-4687-b0c5-01a8c6ec104e",
              "isHook": false,
              "skipped": false
            },
            {
              "title": "12.24. Verify that clicking the go back button on the mfi program create page redirects the user to the mfi program list page.",
              "fullTitle": "12. MFI program Module Test Cases 12.24. Verify that clicking the go back button on the mfi program create page redirects the user to the mfi program list page.",
              "timedOut": null,
              "duration": 445,
              "state": "passed",
              "speed": "fast",
              "pass": true,
              "fail": false,
              "pending": false,
              "context": null,
              "code": "_mfiProgram.create_mfi_program.createGoBackButtonCheck();",
              "err": {},
              "uuid": "3f236350-dd3a-41b8-b4f6-2b426fef030f",
              "parentUUID": "80ccdaf6-b499-4687-b0c5-01a8c6ec104e",
              "isHook": false,
              "skipped": false
            },
            {
              "title": "12.25. Verify that when the user clicks the Search button on the mfi program grid page, the system redirects to the mfi program List page..",
              "fullTitle": "12. MFI program Module Test Cases 12.25. Verify that when the user clicks the Search button on the mfi program grid page, the system redirects to the mfi program List page..",
              "timedOut": null,
              "duration": 665,
              "state": "passed",
              "speed": "fast",
              "pass": true,
              "fail": false,
              "pending": false,
              "context": null,
              "code": "_mfiProgram.create_mfi_program.gridSearchButtonCheck();",
              "err": {},
              "uuid": "a96aa9b2-bf6e-45e9-bee0-bc1934976f9b",
              "parentUUID": "80ccdaf6-b499-4687-b0c5-01a8c6ec104e",
              "isHook": false,
              "skipped": false
            },
            {
              "title": "12.26. Verify check that the grid list content changes correctly from english to bangla.",
              "fullTitle": "12. MFI program Module Test Cases 12.26. Verify check that the grid list content changes correctly from english to bangla.",
              "timedOut": null,
              "duration": 209,
              "state": "passed",
              "speed": "fast",
              "pass": true,
              "fail": false,
              "pending": false,
              "context": null,
              "code": "_mfiProgram.create_mfi_program.gridLanguageSwitchCheck();",
              "err": {},
              "uuid": "ceedcfd3-3e57-4ec5-984b-4f447446f4cf",
              "parentUUID": "80ccdaf6-b499-4687-b0c5-01a8c6ec104e",
              "isHook": false,
              "skipped": false
            }
          ],
          "suites": [],
          "passes": [
            "2c70d242-ff7b-4e91-84ee-299ee1aa7286",
            "4f91ec00-7e71-4b8f-a7d7-f6726907f727",
            "95904274-ceda-4d4c-b73e-e41cf189ef28",
            "c5dcac04-ae78-4247-b75a-b7a295ff1389",
            "a51c0d3c-ef9b-456a-8389-b1415af391cd",
            "2ecba125-15ef-4f34-9245-60b2574817d1",
            "b9fc4ae9-9a78-4100-a56f-0ab17a4bc9ba",
            "512e4ea9-9b67-4d70-b56b-fe870b00c3c3",
            "48401c6e-3c85-45c9-aec4-baa043f93a82",
            "fb3015ce-1c58-42cc-928a-b9b95efdbaff",
            "c053a538-17e0-4eff-abbd-bc0b9b30a9ad",
            "91054d11-9d4c-4838-9519-5a36a52643c0",
            "201362e6-4534-47ca-b335-5dd44fa7fb54",
            "6c703fa7-660a-4fa5-b89b-37551f8569cb",
            "bfc5aaea-dd3a-4855-a101-15f10c1bf5f5",
            "7f26215c-dda8-4397-b874-898eaac87444",
            "6ee48329-7550-497a-a09e-70f4989dc517",
            "9163b9b2-7604-462b-ad50-e50c5b10a414",
            "47c09346-d5db-434b-a1fc-5db9c5900795",
            "7629b5bb-07bb-49a9-bbf0-b3d2a1837d7a",
            "79cf6cd0-2741-4ef4-9d94-a1839c856604",
            "3410c826-c38b-4abd-8e39-78fd5bf5237b",
            "1dcabe7c-f9e6-40e0-8bca-3314b714f5d6",
            "3f236350-dd3a-41b8-b4f6-2b426fef030f",
            "a96aa9b2-bf6e-45e9-bee0-bc1934976f9b",
            "ceedcfd3-3e57-4ec5-984b-4f447446f4cf"
          ],
          "failures": [],
          "pending": [],
          "skipped": [],
          "duration": 33265,
          "root": false,
          "rootEmpty": false,
          "_timeout": 2000
        }
      ],
      "passes": [],
      "failures": [],
      "pending": [],
      "skipped": [],
      "duration": 0,
      "root": true,
      "rootEmpty": true,
      "_timeout": 2000
    }
  ],
  "meta": {
    "mocha": {
      "version": "7.2.0"
    },
    "mochawesome": {
      "options": {
        "quiet": false,
        "reportFilename": "mochawesome",
        "saveHtml": false,
        "saveJson": true,
        "consoleReporter": "spec",
        "useInlineDiffs": false,
        "code": true
      },
      "version": "7.1.3"
    },
    "marge": {
      "options": {
        "reportDir": "cypress/reports/.jsons",
        "jsonDir": "cypress/reports",
        "embeddedScreenshots": false,
        "overwrite": false,
        "html": false,
        "json": true,
        "inline": true,
        "saveJson": true
      },
      "version": "6.2.0"
    }
  }
}