{
  "stats": {
    "suites": 1,
    "tests": 24,
    "passes": 24,
    "pending": 0,
    "failures": 0,
    "start": "2026-08-09T12:16:38.436Z",
    "end": "2026-08-09T12:17:05.825Z",
    "duration": 27389,
    "testsRegistered": 24,
    "passPercent": 100,
    "pendingPercent": 0,
    "other": 0,
    "hasOther": false,
    "skipped": 0,
    "hasSkipped": false
  },
  "results": [
    {
      "uuid": "becfdd6a-e1ff-40c9-8729-bab014b50415",
      "title": "",
      "fullFile": "cypress/e2e/01-mfi-admin/01-mis/10-funding-organizations/funding-organization.cy.js",
      "file": "cypress/e2e/01-mfi-admin/01-mis/10-funding-organizations/funding-organization.cy.js",
      "beforeHooks": [],
      "afterHooks": [],
      "tests": [],
      "suites": [
        {
          "uuid": "934b6e53-3282-4d1c-bfb8-d7c829e93f19",
          "title": "10. Funding Organization Module Test Cases",
          "fullFile": "",
          "file": "",
          "beforeHooks": [],
          "afterHooks": [],
          "tests": [
            {
              "title": "10.01. Verify that the funding organization list page loads successfully without any errors.",
              "fullTitle": "10. Funding Organization Module Test Cases 10.01. Verify that the funding organization list page loads successfully without any errors.",
              "timedOut": null,
              "duration": 5870,
              "state": "passed",
              "speed": "medium",
              "pass": true,
              "fail": false,
              "pending": false,
              "context": null,
              "code": "_fundingOrganization.create_funding_organization.gridFundingOrganizationListPage();",
              "err": {},
              "uuid": "a86772e7-6385-474c-935b-7b393d02f387",
              "parentUUID": "934b6e53-3282-4d1c-bfb8-d7c829e93f19",
              "isHook": false,
              "skipped": false
            },
            {
              "title": "10.02. Verify that a new funding organization is created successfully when all required fields are filled with valid data.",
              "fullTitle": "10. Funding Organization Module Test Cases 10.02. Verify that a new funding organization is created successfully when all required fields are filled with valid data.",
              "timedOut": null,
              "duration": 1971,
              "state": "passed",
              "speed": "fast",
              "pass": true,
              "fail": false,
              "pending": false,
              "context": null,
              "code": "_fundingOrganization.create_funding_organization.createFundingOrganization();",
              "err": {},
              "uuid": "7be84d13-5b2b-4cf2-9c6c-e62e82cfff61",
              "parentUUID": "934b6e53-3282-4d1c-bfb8-d7c829e93f19",
              "isHook": false,
              "skipped": false
            },
            {
              "title": "10.03. Verify that a funding organization cannot be created without entering a funding organization name, even when all other fields contain valid data.",
              "fullTitle": "10. Funding Organization Module Test Cases 10.03. Verify that a funding organization cannot be created without entering a funding organization name, even when all other fields contain valid data.",
              "timedOut": null,
              "duration": 1781,
              "state": "passed",
              "speed": "fast",
              "pass": true,
              "fail": false,
              "pending": false,
              "context": null,
              "code": "_fundingOrganization.create_funding_organization.createWithoutFundingOrgName();",
              "err": {},
              "uuid": "3b7ab62d-b602-47f2-bc05-589e193efa9c",
              "parentUUID": "934b6e53-3282-4d1c-bfb8-d7c829e93f19",
              "isHook": false,
              "skipped": false
            },
            {
              "title": "10.04. Verify that a funding organization cannot be created without entering an ID, even when all other fields contain valid data.",
              "fullTitle": "10. Funding Organization Module Test Cases 10.04. Verify that a funding organization cannot be created without entering an ID, even when all other fields contain valid data.",
              "timedOut": null,
              "duration": 1600,
              "state": "passed",
              "speed": "fast",
              "pass": true,
              "fail": false,
              "pending": false,
              "context": null,
              "code": "_fundingOrganization.create_funding_organization.createWithoutId();",
              "err": {},
              "uuid": "91027101-419a-411c-8ea4-443021fd0beb",
              "parentUUID": "934b6e53-3282-4d1c-bfb8-d7c829e93f19",
              "isHook": false,
              "skipped": false
            },
            {
              "title": "10.05. Verify that a funding organization cannot be created without selecting a funding organization type, even when all other fields contain valid data.",
              "fullTitle": "10. Funding Organization Module Test Cases 10.05. Verify that a funding organization cannot be created without selecting a funding organization type, even when all other fields contain valid data.",
              "timedOut": null,
              "duration": 1464,
              "state": "passed",
              "speed": "fast",
              "pass": true,
              "fail": false,
              "pending": false,
              "context": null,
              "code": "_fundingOrganization.create_funding_organization.createWithoutFundingOrgType();",
              "err": {},
              "uuid": "e4883c4f-2544-47b3-8840-10d715a1ffd0",
              "parentUUID": "934b6e53-3282-4d1c-bfb8-d7c829e93f19",
              "isHook": false,
              "skipped": false
            },
            {
              "title": "10.06. Verify that a funding organization cannot be created without selecting a status, even when all other fields contain valid data.",
              "fullTitle": "10. Funding Organization Module Test Cases 10.06. Verify that a funding organization cannot be created without selecting a status, even when all other fields contain valid data.",
              "timedOut": null,
              "duration": 1932,
              "state": "passed",
              "speed": "fast",
              "pass": true,
              "fail": false,
              "pending": false,
              "context": null,
              "code": "_fundingOrganization.create_funding_organization.createWithoutStatus();",
              "err": {},
              "uuid": "c5a731b7-5066-4ac3-bd4b-10607c924032",
              "parentUUID": "934b6e53-3282-4d1c-bfb8-d7c829e93f19",
              "isHook": false,
              "skipped": false
            },
            {
              "title": "10.07. Verify that the action button performs the expected action successfully when clicked.",
              "fullTitle": "10. Funding Organization Module Test Cases 10.07. Verify that the action button performs the expected action successfully when clicked.",
              "timedOut": null,
              "duration": 369,
              "state": "passed",
              "speed": "fast",
              "pass": true,
              "fail": false,
              "pending": false,
              "context": null,
              "code": "_fundingOrganization.create_funding_organization.actionButtonCheck();",
              "err": {},
              "uuid": "8b742b72-48cc-433f-81fa-a54cc90a55b4",
              "parentUUID": "934b6e53-3282-4d1c-bfb8-d7c829e93f19",
              "isHook": false,
              "skipped": false
            },
            {
              "title": "10.08. Verify that the user can view all relevant details of a funding organization, including its associated information.",
              "fullTitle": "10. Funding Organization Module Test Cases 10.08. Verify that the user can view all relevant details of a funding organization, including its associated information.",
              "timedOut": null,
              "duration": 552,
              "state": "passed",
              "speed": "fast",
              "pass": true,
              "fail": false,
              "pending": false,
              "context": null,
              "code": "_fundingOrganization.create_funding_organization.viewFundingOrganization();",
              "err": {},
              "uuid": "c5e6dfaa-ec25-4ce6-bd41-3b10ba4b2c2a",
              "parentUUID": "934b6e53-3282-4d1c-bfb8-d7c829e93f19",
              "isHook": false,
              "skipped": false
            },
            {
              "title": "10.09. Verify that clicking the Go Back button on the funding organization view page redirects the user to the funding organization list page.",
              "fullTitle": "10. Funding Organization Module Test Cases 10.09. Verify that clicking the Go Back button on the funding organization view page redirects the user to the funding organization list page.",
              "timedOut": null,
              "duration": 399,
              "state": "passed",
              "speed": "fast",
              "pass": true,
              "fail": false,
              "pending": false,
              "context": null,
              "code": "_fundingOrganization.create_funding_organization.viewGoBackButton();",
              "err": {},
              "uuid": "c0547cd8-9d8e-477d-b5ed-623254c9ee45",
              "parentUUID": "934b6e53-3282-4d1c-bfb8-d7c829e93f19",
              "isHook": false,
              "skipped": false
            },
            {
              "title": "10.10. Verify that edit mode on the funding organization form can be toggled on and off, and all fields return to view-only mode when disabled.",
              "fullTitle": "10. Funding Organization Module Test Cases 10.10. Verify that edit mode on the funding organization form can be toggled on and off, and all fields return to view-only mode when disabled.",
              "timedOut": null,
              "duration": 1029,
              "state": "passed",
              "speed": "fast",
              "pass": true,
              "fail": false,
              "pending": false,
              "context": null,
              "code": "_fundingOrganization.create_funding_organization.turnOffEditMode();",
              "err": {},
              "uuid": "7db40764-19a1-4215-8138-f715c30f5c93",
              "parentUUID": "934b6e53-3282-4d1c-bfb8-d7c829e93f19",
              "isHook": false,
              "skipped": false
            },
            {
              "title": "10.11. Verify that the funding organization name and description can be edited successfully.",
              "fullTitle": "10. Funding Organization Module Test Cases 10.11. Verify that the funding organization name and description can be edited successfully.",
              "timedOut": null,
              "duration": 1259,
              "state": "passed",
              "speed": "fast",
              "pass": true,
              "fail": false,
              "pending": false,
              "context": null,
              "code": "_fundingOrganization.create_funding_organization.editFundingOrganization();",
              "err": {},
              "uuid": "fb9e25c5-422b-4a6a-b992-692e1eea0363",
              "parentUUID": "934b6e53-3282-4d1c-bfb8-d7c829e93f19",
              "isHook": false,
              "skipped": false
            },
            {
              "title": "10.12. Verify that the Reset button on the funding organization edit page clears all modified values correctly.",
              "fullTitle": "10. Funding Organization Module Test Cases 10.12. Verify that the Reset button on the funding organization edit page clears all modified values correctly.",
              "timedOut": null,
              "duration": 1023,
              "state": "passed",
              "speed": "fast",
              "pass": true,
              "fail": false,
              "pending": false,
              "context": null,
              "code": "_fundingOrganization.create_funding_organization.editResetButton();",
              "err": {},
              "uuid": "70815041-2180-43e4-b293-3fcce45f0ce4",
              "parentUUID": "934b6e53-3282-4d1c-bfb8-d7c829e93f19",
              "isHook": false,
              "skipped": false
            },
            {
              "title": "10.13. Verify that the Submit button on the funding organization edit page updates the data successfully.",
              "fullTitle": "10. Funding Organization Module Test Cases 10.13. Verify that the Submit button on the funding organization edit page updates the data successfully.",
              "timedOut": null,
              "duration": 1769,
              "state": "passed",
              "speed": "fast",
              "pass": true,
              "fail": false,
              "pending": false,
              "context": null,
              "code": "_fundingOrganization.create_funding_organization.editSubmitButton();",
              "err": {},
              "uuid": "c68bc1bb-c6fe-47e6-bf14-04e599426fbd",
              "parentUUID": "934b6e53-3282-4d1c-bfb8-d7c829e93f19",
              "isHook": false,
              "skipped": false
            },
            {
              "title": "10.14. Verify that clicking the Go Back button on the funding organization edit page redirects the user to the funding organization list page.",
              "fullTitle": "10. Funding Organization Module Test Cases 10.14. Verify that clicking the Go Back button on the funding organization edit page redirects the user to the funding organization list page.",
              "timedOut": null,
              "duration": 935,
              "state": "passed",
              "speed": "fast",
              "pass": true,
              "fail": false,
              "pending": false,
              "context": null,
              "code": "_fundingOrganization.create_funding_organization.editGoBackButton();",
              "err": {},
              "uuid": "e700c5fc-f6c9-43f1-b546-211f6b2a57a7",
              "parentUUID": "934b6e53-3282-4d1c-bfb8-d7c829e93f19",
              "isHook": false,
              "skipped": false
            },
            {
              "title": "10.15. Verify that inactive funding organizations can be filtered correctly using the status dropdown on the funding organization list page.",
              "fullTitle": "10. Funding Organization Module Test Cases 10.15. Verify that inactive funding organizations can be filtered correctly using the status dropdown on the funding organization list page.",
              "timedOut": null,
              "duration": 775,
              "state": "passed",
              "speed": "fast",
              "pass": true,
              "fail": false,
              "pending": false,
              "context": null,
              "code": "_fundingOrganization.create_funding_organization.statusInactiveDropdownCheck();",
              "err": {},
              "uuid": "43d6896f-326f-4147-b0c3-d3945609b752",
              "parentUUID": "934b6e53-3282-4d1c-bfb8-d7c829e93f19",
              "isHook": false,
              "skipped": false
            },
            {
              "title": "10.16. Verify that active funding organizations are filtered correctly using the status dropdown on the funding organization list page.",
              "fullTitle": "10. Funding Organization Module Test Cases 10.16. Verify that active funding organizations are filtered correctly using the status dropdown on the funding organization list page.",
              "timedOut": null,
              "duration": 324,
              "state": "passed",
              "speed": "fast",
              "pass": true,
              "fail": false,
              "pending": false,
              "context": null,
              "code": "_fundingOrganization.create_funding_organization.statusActiveDropdownCheck();",
              "err": {},
              "uuid": "d30e8915-e61b-4c04-b8b4-67d2e4da1d79",
              "parentUUID": "934b6e53-3282-4d1c-bfb8-d7c829e93f19",
              "isHook": false,
              "skipped": false
            },
            {
              "title": "10.17. Verify that the search functionality returns correct results when searching by funding organization name.",
              "fullTitle": "10. Funding Organization Module Test Cases 10.17. Verify that the search functionality returns correct results when searching by funding organization name.",
              "timedOut": null,
              "duration": 293,
              "state": "passed",
              "speed": "fast",
              "pass": true,
              "fail": false,
              "pending": false,
              "context": null,
              "code": "_fundingOrganization.create_funding_organization.searchInFundingOrganizationName();",
              "err": {},
              "uuid": "b7468617-892f-4903-902d-87c9ae5d88ea",
              "parentUUID": "934b6e53-3282-4d1c-bfb8-d7c829e93f19",
              "isHook": false,
              "skipped": false
            },
            {
              "title": "10.18. Verify that the grid list is reset successfully when the Reset button is clicked on the funding organization page.",
              "fullTitle": "10. Funding Organization Module Test Cases 10.18. Verify that the grid list is reset successfully when the Reset button is clicked on the funding organization page.",
              "timedOut": null,
              "duration": 98,
              "state": "passed",
              "speed": "fast",
              "pass": true,
              "fail": false,
              "pending": false,
              "context": null,
              "code": "_fundingOrganization.create_funding_organization.gridResetButtonCheck();",
              "err": {},
              "uuid": "de193b76-3632-42d7-b864-733b4a26b44d",
              "parentUUID": "934b6e53-3282-4d1c-bfb8-d7c829e93f19",
              "isHook": false,
              "skipped": false
            },
            {
              "title": "10.19. Verify that the grid list is refreshed successfully when the Refresh button is clicked on the funding organization page.",
              "fullTitle": "10. Funding Organization Module Test Cases 10.19. Verify that the grid list is refreshed successfully when the Refresh button is clicked on the funding organization page.",
              "timedOut": null,
              "duration": 98,
              "state": "passed",
              "speed": "fast",
              "pass": true,
              "fail": false,
              "pending": false,
              "context": null,
              "code": "_fundingOrganization.create_funding_organization.gridRefreshButtonCheck();",
              "err": {},
              "uuid": "ba558223-0bfa-4c01-89e2-f0a86c5ac266",
              "parentUUID": "934b6e53-3282-4d1c-bfb8-d7c829e93f19",
              "isHook": false,
              "skipped": false
            },
            {
              "title": "10.20. Verify that the Reset button on the funding organization creation page clears all entered input values.",
              "fullTitle": "10. Funding Organization Module Test Cases 10.20. Verify that the Reset button on the funding organization creation page clears all entered input values.",
              "timedOut": null,
              "duration": 775,
              "state": "passed",
              "speed": "fast",
              "pass": true,
              "fail": false,
              "pending": false,
              "context": null,
              "code": "_fundingOrganization.create_funding_organization.createResetButtonCheck();",
              "err": {},
              "uuid": "28d64a82-ab30-4cd6-84c2-ca256a1e5e5e",
              "parentUUID": "934b6e53-3282-4d1c-bfb8-d7c829e93f19",
              "isHook": false,
              "skipped": false
            },
            {
              "title": "10.21. Verify that validation messages are displayed for all required fields when the Submit button is clicked with empty inputs.",
              "fullTitle": "10. Funding Organization Module Test Cases 10.21. Verify that validation messages are displayed for all required fields when the Submit button is clicked with empty inputs.",
              "timedOut": null,
              "duration": 923,
              "state": "passed",
              "speed": "fast",
              "pass": true,
              "fail": false,
              "pending": false,
              "context": null,
              "code": "_fundingOrganization.create_funding_organization.createValidationMessageCheck();",
              "err": {},
              "uuid": "e321746e-53ec-41b4-95de-1b168212a9bb",
              "parentUUID": "934b6e53-3282-4d1c-bfb8-d7c829e93f19",
              "isHook": false,
              "skipped": false
            },
            {
              "title": "10.22. Verify that clicking the Go Back button on the funding organization creation page redirects the user to the funding organization list page.",
              "fullTitle": "10. Funding Organization Module Test Cases 10.22. Verify that clicking the Go Back button on the funding organization creation page redirects the user to the funding organization list page.",
              "timedOut": null,
              "duration": 462,
              "state": "passed",
              "speed": "fast",
              "pass": true,
              "fail": false,
              "pending": false,
              "context": null,
              "code": "_fundingOrganization.create_funding_organization.createGoBackButtonCheck();",
              "err": {},
              "uuid": "11983b16-0594-4c3b-978b-08621fa1c9a9",
              "parentUUID": "934b6e53-3282-4d1c-bfb8-d7c829e93f19",
              "isHook": false,
              "skipped": false
            },
            {
              "title": "10.23. Verify that clicking the Search button on the funding organization grid page displays the correct filtered results.",
              "fullTitle": "10. Funding Organization Module Test Cases 10.23. Verify that clicking the Search button on the funding organization grid page displays the correct filtered results.",
              "timedOut": null,
              "duration": 674,
              "state": "passed",
              "speed": "fast",
              "pass": true,
              "fail": false,
              "pending": false,
              "context": null,
              "code": "_fundingOrganization.create_funding_organization.gridSearchButtonCheck();",
              "err": {},
              "uuid": "4e0504c0-a141-4507-bc0e-1b884136f3fb",
              "parentUUID": "934b6e53-3282-4d1c-bfb8-d7c829e93f19",
              "isHook": false,
              "skipped": false
            },
            {
              "title": "10.24. Verify that the grid list content updates correctly when switching the language from English to Bangla.",
              "fullTitle": "10. Funding Organization Module Test Cases 10.24. Verify that the grid list content updates correctly when switching the language from English to Bangla.",
              "timedOut": null,
              "duration": 171,
              "state": "passed",
              "speed": "fast",
              "pass": true,
              "fail": false,
              "pending": false,
              "context": null,
              "code": "_fundingOrganization.create_funding_organization.gridLanguageSwitchCheck();",
              "err": {},
              "uuid": "e84b20a1-13ec-4668-bfcf-f605d0a51f14",
              "parentUUID": "934b6e53-3282-4d1c-bfb8-d7c829e93f19",
              "isHook": false,
              "skipped": false
            }
          ],
          "suites": [],
          "passes": [
            "a86772e7-6385-474c-935b-7b393d02f387",
            "7be84d13-5b2b-4cf2-9c6c-e62e82cfff61",
            "3b7ab62d-b602-47f2-bc05-589e193efa9c",
            "91027101-419a-411c-8ea4-443021fd0beb",
            "e4883c4f-2544-47b3-8840-10d715a1ffd0",
            "c5a731b7-5066-4ac3-bd4b-10607c924032",
            "8b742b72-48cc-433f-81fa-a54cc90a55b4",
            "c5e6dfaa-ec25-4ce6-bd41-3b10ba4b2c2a",
            "c0547cd8-9d8e-477d-b5ed-623254c9ee45",
            "7db40764-19a1-4215-8138-f715c30f5c93",
            "fb9e25c5-422b-4a6a-b992-692e1eea0363",
            "70815041-2180-43e4-b293-3fcce45f0ce4",
            "c68bc1bb-c6fe-47e6-bf14-04e599426fbd",
            "e700c5fc-f6c9-43f1-b546-211f6b2a57a7",
            "43d6896f-326f-4147-b0c3-d3945609b752",
            "d30e8915-e61b-4c04-b8b4-67d2e4da1d79",
            "b7468617-892f-4903-902d-87c9ae5d88ea",
            "de193b76-3632-42d7-b864-733b4a26b44d",
            "ba558223-0bfa-4c01-89e2-f0a86c5ac266",
            "28d64a82-ab30-4cd6-84c2-ca256a1e5e5e",
            "e321746e-53ec-41b4-95de-1b168212a9bb",
            "11983b16-0594-4c3b-978b-08621fa1c9a9",
            "4e0504c0-a141-4507-bc0e-1b884136f3fb",
            "e84b20a1-13ec-4668-bfcf-f605d0a51f14"
          ],
          "failures": [],
          "pending": [],
          "skipped": [],
          "duration": 26546,
          "root": false,
          "rootEmpty": false,
          "_timeout": 2000
        }
      ],
      "passes": [],
      "failures": [],
      "pending": [],
      "skipped": [],
      "duration": 0,
      "root": true,
      "rootEmpty": true,
      "_timeout": 2000
    }
  ],
  "meta": {
    "mocha": {
      "version": "7.2.0"
    },
    "mochawesome": {
      "options": {
        "quiet": false,
        "reportFilename": "mochawesome",
        "saveHtml": false,
        "saveJson": true,
        "consoleReporter": "spec",
        "useInlineDiffs": false,
        "code": true
      },
      "version": "7.1.3"
    },
    "marge": {
      "options": {
        "reportDir": "cypress/reports/.jsons",
        "jsonDir": "cypress/reports",
        "embeddedScreenshots": false,
        "overwrite": false,
        "html": false,
        "json": true,
        "inline": true,
        "saveJson": true
      },
      "version": "6.2.0"
    }
  }
}